#-----------------------------------------------------------
# Vivado v2025.1 (64-bit)
# SW Build 6140274 on Thu May 22 00:12:29 MDT 2025
# IP Build 6138677 on Thu May 22 03:10:11 MDT 2025
# SharedData Build 6139179 on Tue May 20 17:58:58 MDT 2025
# Start of session at: Thu Dec 11 09:31:45 2025
# Process ID         : 43900
# Current directory  : C:/Users/lucas/Documents/GitHub/KBS-DOOM/KBS-DOOM
# Command line       : vivado.exe -gui_launcher_event rodinguilauncherevent36908 C:\Users\lucas\Documents\GitHub\KBS-DOOM\KBS-DOOM\KBS-DOOM.xpr
# Log file           : C:/Users/lucas/Documents/GitHub/KBS-DOOM/KBS-DOOM/vivado.log
# Journal file       : C:/Users/lucas/Documents/GitHub/KBS-DOOM/KBS-DOOM\vivado.jou
# Running On         : LAPTOP-61978DQ3
# Platform           : Windows Server 2016 or Windows 10
# Operating System   : 26200
# Processor Detail   : AMD Ryzen 7 5800H with Radeon Graphics         
# CPU Frequency      : 3194 MHz
# CPU Physical cores : 8
# CPU Logical cores  : 16
# Host memory        : 16476 MB
# Swap memory        : 28991 MB
# Total Virtual      : 45467 MB
# Available Virtual  : 19555 MB
#-----------------------------------------------------------
start_gui
open_project C:/Users/lucas/Documents/GitHub/KBS-DOOM/KBS-DOOM/KBS-DOOM.xpr
WARNING: [Board 49-26] cannot add Board Part xilinx.com:emb-plus-vpr-4616:part0:1.0 available at C:/Xilinx/2025.1/data/xhub/boards\XilinxBoardStore\boards\Xilinx\emb-plus-vpr-4616\1.0\board.xml as part xcve2302-sfva784-2mp-e-s specified in board_part file is either invalid or not available
WARNING: [Board 49-26] cannot add Board Part xilinx.com:emb-plus-vpr-4616:part0:1.1 available at C:/Xilinx/2025.1/data/xhub/boards\XilinxBoardStore\boards\Xilinx\emb-plus-vpr-4616\1.1\board.xml as part xcve2302-sfva784-2mp-e-s specified in board_part file is either invalid or not available
WARNING: [Board 49-26] cannot add Board Part xilinx.com:k24c:part0:1.0 available at C:/Xilinx/2025.1/data/xhub/boards\XilinxBoardStore\boards\Xilinx\k24c\1.0\board.xml as part xck24-ubva530-2lv-c specified in board_part file is either invalid or not available
WARNING: [Board 49-26] cannot add Board Part xilinx.com:k24c:part0:1.1 available at C:/Xilinx/2025.1/data/xhub/boards\XilinxBoardStore\boards\Xilinx\k24c\1.1\board.xml as part xck24-ubva530-2lv-c specified in board_part file is either invalid or not available
WARNING: [Board 49-26] cannot add Board Part xilinx.com:k24i:part0:1.0 available at C:/Xilinx/2025.1/data/xhub/boards\XilinxBoardStore\boards\Xilinx\k24i\1.0\board.xml as part xck24-ubva530-2lvi-i specified in board_part file is either invalid or not available
WARNING: [Board 49-26] cannot add Board Part xilinx.com:k26c:part0:1.2 available at C:/Xilinx/2025.1/data/xhub/boards\XilinxBoardStore\boards\Xilinx\k26c\1.2\board.xml as part xck26-sfvc784-2lv-c specified in board_part file is either invalid or not available
WARNING: [Board 49-26] cannot add Board Part xilinx.com:k26c:part0:1.3 available at C:/Xilinx/2025.1/data/xhub/boards\XilinxBoardStore\boards\Xilinx\k26c\1.3\board.xml as part xck26-sfvc784-2lv-c specified in board_part file is either invalid or not available
WARNING: [Board 49-26] cannot add Board Part xilinx.com:k26c:part0:1.4 available at C:/Xilinx/2025.1/data/xhub/boards\XilinxBoardStore\boards\Xilinx\k26c\1.4\board.xml as part xck26-sfvc784-2lv-c specified in board_part file is either invalid or not available
WARNING: [Board 49-26] cannot add Board Part xilinx.com:k26i:part0:1.2 available at C:/Xilinx/2025.1/data/xhub/boards\XilinxBoardStore\boards\Xilinx\k26i\1.2\board.xml as part xck26-sfvc784-2lvi-i specified in board_part file is either invalid or not available
WARNING: [Board 49-26] cannot add Board Part xilinx.com:k26i:part0:1.3 available at C:/Xilinx/2025.1/data/xhub/boards\XilinxBoardStore\boards\Xilinx\k26i\1.3\board.xml as part xck26-sfvc784-2lvi-i specified in board_part file is either invalid or not available
WARNING: [Board 49-26] cannot add Board Part xilinx.com:k26i:part0:1.4 available at C:/Xilinx/2025.1/data/xhub/boards\XilinxBoardStore\boards\Xilinx\k26i\1.4\board.xml as part xck26-sfvc784-2lvi-i specified in board_part file is either invalid or not available
WARNING: [Board 49-26] cannot add Board Part xilinx.com:kcu105:part0:1.6 available at C:/Xilinx/2025.1/data/xhub/boards\XilinxBoardStore\boards\Xilinx\kcu105\1.6\board.xml as part xcku040-ffva1156-2-e specified in board_part file is either invalid or not available
WARNING: [Board 49-26] cannot add Board Part xilinx.com:kcu105:part0:1.7 available at C:/Xilinx/2025.1/data/xhub/boards\XilinxBoardStore\boards\Xilinx\kcu105\1.7\board.xml as part xcku040-ffva1156-2-e specified in board_part file is either invalid or not available
WARNING: [Board 49-26] cannot add Board Part xilinx.com:kcu116:part0:1.4 available at C:/Xilinx/2025.1/data/xhub/boards\XilinxBoardStore\boards\Xilinx\kcu116\1.4\board.xml as part xcku5p-ffvb676-2-e specified in board_part file is either invalid or not available
WARNING: [Board 49-26] cannot add Board Part xilinx.com:kcu116:part0:1.5 available at C:/Xilinx/2025.1/data/xhub/boards\XilinxBoardStore\boards\Xilinx\kcu116\1.5\board.xml as part xcku5p-ffvb676-2-e specified in board_part file is either invalid or not available
WARNING: [Board 49-26] cannot add Board Part xilinx.com:kcu1500:part0:1.2 available at C:/Xilinx/2025.1/data/xhub/boards\XilinxBoardStore\boards\Xilinx\kcu1500\1.2\board.xml as part xcku115-flvb2104-2-e specified in board_part file is either invalid or not available
WARNING: [Board 49-26] cannot add Board Part xilinx.com:kd240_som:part0:1.0 available at C:/Xilinx/2025.1/data/xhub/boards\XilinxBoardStore\boards\Xilinx\kd240_som\1.0\board.xml as part xck24-ubva530-2lv-c specified in board_part file is either invalid or not available
WARNING: [Board 49-26] cannot add Board Part xilinx.com:kd240_som:part0:1.1 available at C:/Xilinx/2025.1/data/xhub/boards\XilinxBoardStore\boards\Xilinx\kd240_som\1.1\board.xml as part xck24-ubva530-2lv-c specified in board_part file is either invalid or not available
WARNING: [Board 49-26] cannot add Board Part xilinx.com:kr260_som:part0:1.0 available at C:/Xilinx/2025.1/data/xhub/boards\XilinxBoardStore\boards\Xilinx\kr260_som\1.0\board.xml as part xck26-sfvc784-2lv-c specified in board_part file is either invalid or not available
WARNING: [Board 49-26] cannot add Board Part xilinx.com:kr260_som:part0:1.1 available at C:/Xilinx/2025.1/data/xhub/boards\XilinxBoardStore\boards\Xilinx\kr260_som\1.1\board.xml as part xck26-sfvc784-2lv-c specified in board_part file is either invalid or not available
WARNING: [Board 49-26] cannot add Board Part xilinx.com:kv260_som:part0:1.2 available at C:/Xilinx/2025.1/data/xhub/boards\XilinxBoardStore\boards\Xilinx\kv260_som\1.2\board.xml as part xck26-sfvc784-2lv-c specified in board_part file is either invalid or not available
WARNING: [Board 49-26] cannot add Board Part xilinx.com:kv260_som:part0:1.3 available at C:/Xilinx/2025.1/data/xhub/boards\XilinxBoardStore\boards\Xilinx\kv260_som\1.3\board.xml as part xck26-sfvc784-2lv-c specified in board_part file is either invalid or not available
WARNING: [Board 49-26] cannot add Board Part xilinx.com:kv260_som:part0:1.4 available at C:/Xilinx/2025.1/data/xhub/boards\XilinxBoardStore\boards\Xilinx\kv260_som\1.4\board.xml as part xck26-sfvc784-2lv-c specified in board_part file is either invalid or not available
WARNING: [Board 49-26] cannot add Board Part xilinx.com:scu35:part0:1.0 available at C:/Xilinx/2025.1/data/xhub/boards\XilinxBoardStore\boards\Xilinx\scu35\1.0\board.xml as part xcsu35p-sbvb625-2-e specified in board_part file is either invalid or not available
WARNING: [Board 49-26] cannot add Board Part xilinx.com:v80:part0:1.0 available at C:/Xilinx/2025.1/data/xhub/boards\XilinxBoardStore\boards\Xilinx\v80\1.0\board.xml as part xcv80-lsva4737-2mhp-e-s specified in board_part file is either invalid or not available
WARNING: [Board 49-26] cannot add Board Part xilinx.com:vck190:part0:2.2 available at C:/Xilinx/2025.1/data/xhub/boards\XilinxBoardStore\boards\Xilinx\vck190\production\2.2\board.xml as part xcvc1902-vsva2197-2mp-e-s specified in board_part file is either invalid or not available
WARNING: [Board 49-26] cannot add Board Part xilinx.com:vck190:part0:3.0 available at C:/Xilinx/2025.1/data/xhub/boards\XilinxBoardStore\boards\Xilinx\vck190\production\3.0\board.xml as part xcvc1902-vsva2197-2mp-e-s specified in board_part file is either invalid or not available
WARNING: [Board 49-26] cannot add Board Part xilinx.com:vck190:part0:3.1 available at C:/Xilinx/2025.1/data/xhub/boards\XilinxBoardStore\boards\Xilinx\vck190\production\3.1\board.xml as part xcvc1902-vsva2197-2mp-e-s specified in board_part file is either invalid or not available
WARNING: [Board 49-26] cannot add Board Part xilinx.com:vck190:part0:3.2 available at C:/Xilinx/2025.1/data/xhub/boards\XilinxBoardStore\boards\Xilinx\vck190\production\3.2\board.xml as part xcvc1902-vsva2197-2mp-e-s specified in board_part file is either invalid or not available
WARNING: [Board 49-26] cannot add Board Part xilinx.com:vck190:part0:3.3 available at C:/Xilinx/2025.1/data/xhub/boards\XilinxBoardStore\boards\Xilinx\vck190\production\3.3\board.xml as part xcvc1902-vsva2197-2mp-e-s specified in board_part file is either invalid or not available
WARNING: [Board 49-26] cannot add Board Part xilinx.com:vck190:part0:3.4 available at C:/Xilinx/2025.1/data/xhub/boards\XilinxBoardStore\boards\Xilinx\vck190\production\3.4\board.xml as part xcvc1902-vsva2197-2mp-e-s specified in board_part file is either invalid or not available
WARNING: [Board 49-26] cannot add Board Part xilinx.com:vck190_newl:part0:1.0 available at C:/Xilinx/2025.1/data/xhub/boards\XilinxBoardStore\boards\Xilinx\vck190_newl\production\1.0\board.xml as part xcvc1902-vsva2197-2mp-e-s specified in board_part file is either invalid or not available
WARNING: [Board 49-26] cannot add Board Part xilinx.com:vck190_newl:part0:1.1 available at C:/Xilinx/2025.1/data/xhub/boards\XilinxBoardStore\boards\Xilinx\vck190_newl\production\1.1\board.xml as part xcvc1902-vsva2197-2mp-e-s specified in board_part file is either invalid or not available
WARNING: [Board 49-26] cannot add Board Part xilinx.com:vck190_newl:part0:1.2 available at C:/Xilinx/2025.1/data/xhub/boards\XilinxBoardStore\boards\Xilinx\vck190_newl\production\1.2\board.xml as part xcvc1902-vsva2197-2mp-e-s specified in board_part file is either invalid or not available
WARNING: [Board 49-26] cannot add Board Part xilinx.com:vck190_newl:part0:1.3 available at C:/Xilinx/2025.1/data/xhub/boards\XilinxBoardStore\boards\Xilinx\vck190_newl\production\1.3\board.xml as part xcvc1902-vsva2197-2mp-e-s specified in board_part file is either invalid or not available
WARNING: [Board 49-26] cannot add Board Part xilinx.com:vcu108:part0:1.6 available at C:/Xilinx/2025.1/data/xhub/boards\XilinxBoardStore\boards\Xilinx\vcu108\1.6\board.xml as part xcvu095-ffva2104-2-e specified in board_part file is either invalid or not available
WARNING: [Board 49-26] cannot add Board Part xilinx.com:vcu108:part0:1.7 available at C:/Xilinx/2025.1/data/xhub/boards\XilinxBoardStore\boards\Xilinx\vcu108\1.7\board.xml as part xcvu095-ffva2104-2-e specified in board_part file is either invalid or not available
WARNING: [Board 49-26] cannot add Board Part xilinx.com:vcu110:part0:1.4 available at C:/Xilinx/2025.1/data/xhub/boards\XilinxBoardStore\boards\Xilinx\vcu110\1.4\board.xml as part xcvu190-flgc2104-2-e specified in board_part file is either invalid or not available
WARNING: [Board 49-26] cannot add Board Part xilinx.com:vcu118:part0:2.0 available at C:/Xilinx/2025.1/data/xhub/boards\XilinxBoardStore\boards\Xilinx\vcu118\2.0\board.xml as part xcvu9p-flga2104-2l-e specified in board_part file is either invalid or not available
WARNING: [Board 49-26] cannot add Board Part xilinx.com:vcu118:part0:2.3 available at C:/Xilinx/2025.1/data/xhub/boards\XilinxBoardStore\boards\Xilinx\vcu118\2.3\board.xml as part xcvu9p-flga2104-2l-e specified in board_part file is either invalid or not available
WARNING: [Board 49-26] cannot add Board Part xilinx.com:vcu118:part0:2.4 available at C:/Xilinx/2025.1/data/xhub/boards\XilinxBoardStore\boards\Xilinx\vcu118\2.4\board.xml as part xcvu9p-flga2104-2l-e specified in board_part file is either invalid or not available
WARNING: [Board 49-26] cannot add Board Part xilinx.com:vcu128:part0:1.0 available at C:/Xilinx/2025.1/data/xhub/boards\XilinxBoardStore\boards\Xilinx\vcu128\production\1.0\board.xml as part xcvu37p-fsvh2892-2l-e specified in board_part file is either invalid or not available
WARNING: [Board 49-26] cannot add Board Part xilinx.com:vcu129:part0:1.0 available at C:/Xilinx/2025.1/data/xhub/boards\XilinxBoardStore\boards\Xilinx\vcu129\production\1.0\board.xml as part xcvu29p-fsga2577-2l-e specified in board_part file is either invalid or not available
WARNING: [Board 49-26] cannot add Board Part xilinx.com:vcu1525:part0:1.3 available at C:/Xilinx/2025.1/data/xhub/boards\XilinxBoardStore\boards\Xilinx\vcu1525\1.3\board.xml as part xcvu9p-fsgd2104-2l-e specified in board_part file is either invalid or not available
WARNING: [Board 49-26] cannot add Board Part xilinx.com:vek280:part0:1.0 available at C:/Xilinx/2025.1/data/xhub/boards\XilinxBoardStore\boards\Xilinx\vek280\production\1.0\board.xml as part xcve2802-vsvh1760-2mp-e-s specified in board_part file is either invalid or not available
WARNING: [Board 49-26] cannot add Board Part xilinx.com:vek280:part0:1.1 available at C:/Xilinx/2025.1/data/xhub/boards\XilinxBoardStore\boards\Xilinx\vek280\production\1.1\board.xml as part xcve2802-vsvh1760-2mp-e-s specified in board_part file is either invalid or not available
WARNING: [Board 49-26] cannot add Board Part xilinx.com:vek280:part0:1.2 available at C:/Xilinx/2025.1/data/xhub/boards\XilinxBoardStore\boards\Xilinx\vek280\production\1.2\board.xml as part xcve2802-vsvh1760-2mp-e-s specified in board_part file is either invalid or not available
WARNING: [Board 49-26] cannot add Board Part xilinx.com:vek385:part0:1.0 available at C:/Xilinx/2025.1/data/xhub/boards\XilinxBoardStore\boards\Xilinx\vek385\1.0\board.xml as part xc2ve3858-ssva2112-2mp-e-s specified in board_part file is either invalid or not available
WARNING: [Board 49-26] cannot add Board Part xilinx.com:vermeo_t1_mpsoc:part0:1.0 available at C:/Xilinx/2025.1/data/xhub/boards\XilinxBoardStore\boards\Xilinx\vermeo_t1_mpsoc\1.0\board.xml as part xczu19eg-ffvd1760-2l-e specified in board_part file is either invalid or not available
WARNING: [Board 49-26] cannot add Board Part xilinx.com:vermeo_t1_rfsoc:part0:1.0 available at C:/Xilinx/2025.1/data/xhub/boards\XilinxBoardStore\boards\Xilinx\vermeo_t1_rfsoc\1.0\board.xml as part xczu21dr-ffvd1156-2l-e specified in board_part file is either invalid or not available
WARNING: [Board 49-26] cannot add Board Part xilinx.com:vhk158:part0:1.0 available at C:/Xilinx/2025.1/data/xhub/boards\XilinxBoardStore\boards\Xilinx\vhk158\production\1.0\board.xml as part xcvh1582-vsva3697-2mp-e-s specified in board_part file is either invalid or not available
WARNING: [Board 49-26] cannot add Board Part xilinx.com:vhk158:part0:1.1 available at C:/Xilinx/2025.1/data/xhub/boards\XilinxBoardStore\boards\Xilinx\vhk158\production\1.1\board.xml as part xcvh1582-vsva3697-2mp-e-s specified in board_part file is either invalid or not available
WARNING: [Board 49-26] cannot add Board Part xilinx.com:vhk158:part0:1.2 available at C:/Xilinx/2025.1/data/xhub/boards\XilinxBoardStore\boards\Xilinx\vhk158\production\1.2\board.xml as part xcvh1582-vsva3697-2mp-e-s specified in board_part file is either invalid or not available
WARNING: [Board 49-26] cannot add Board Part xilinx.com:vmk180:part0:2.2 available at C:/Xilinx/2025.1/data/xhub/boards\XilinxBoardStore\boards\Xilinx\vmk180\production\2.2\board.xml as part xcvm1802-vsva2197-2mp-e-s specified in board_part file is either invalid or not available
WARNING: [Board 49-26] cannot add Board Part xilinx.com:vmk180:part0:3.0 available at C:/Xilinx/2025.1/data/xhub/boards\XilinxBoardStore\boards\Xilinx\vmk180\production\3.0\board.xml as part xcvm1802-vsva2197-2mp-e-s specified in board_part file is either invalid or not available
WARNING: [Board 49-26] cannot add Board Part xilinx.com:vmk180:part0:3.1 available at C:/Xilinx/2025.1/data/xhub/boards\XilinxBoardStore\boards\Xilinx\vmk180\production\3.1\board.xml as part xcvm1802-vsva2197-2mp-e-s specified in board_part file is either invalid or not available
WARNING: [Board 49-26] cannot add Board Part xilinx.com:vmk180:part0:3.2 available at C:/Xilinx/2025.1/data/xhub/boards\XilinxBoardStore\boards\Xilinx\vmk180\production\3.2\board.xml as part xcvm1802-vsva2197-2mp-e-s specified in board_part file is either invalid or not available
WARNING: [filemgmt 56-3] IP Repository Path: Could not find the directory 'C:/Users/lucas/Documents/GitHub/KBS-DOOM/IP'.
WARNING: [Board 49-26] cannot add Board Part xilinx.com:vmk180:part0:3.3 available at C:/Xilinx/2025.1/data/xhub/boards\XilinxBoardStore\boards\Xilinx\vmk180\production\3.3\board.xml as part xcvm1802-vsva2197-2mp-e-s specified in board_part file is either invalid or not available
WARNING: [Board 49-26] cannot add Board Part xilinx.com:vmk180_newl:part0:1.0 available at C:/Xilinx/2025.1/data/xhub/boards\XilinxBoardStore\boards\Xilinx\vmk180_newl\production\1.0\board.xml as part xcvm1802-vsva2197-2mp-e-s specified in board_part file is either invalid or not available
WARNING: [Board 49-26] cannot add Board Part xilinx.com:vmk180_newl:part0:1.1 available at C:/Xilinx/2025.1/data/xhub/boards\XilinxBoardStore\boards\Xilinx\vmk180_newl\production\1.1\board.xml as part xcvm1802-vsva2197-2mp-e-s specified in board_part file is either invalid or not available
WARNING: [Board 49-26] cannot add Board Part xilinx.com:vpk120:part0:1.0 available at C:/Xilinx/2025.1/data/xhub/boards\XilinxBoardStore\boards\Xilinx\vpk120\production\1.0\board.xml as part xcvp1202-vsva2785-2mp-e-s specified in board_part file is either invalid or not available
WARNING: [Board 49-26] cannot add Board Part xilinx.com:vpk120:part0:1.1 available at C:/Xilinx/2025.1/data/xhub/boards\XilinxBoardStore\boards\Xilinx\vpk120\production\1.1\board.xml as part xcvp1202-vsva2785-2mp-e-s specified in board_part file is either invalid or not available
WARNING: [Board 49-26] cannot add Board Part xilinx.com:vpk120:part0:1.2 available at C:/Xilinx/2025.1/data/xhub/boards\XilinxBoardStore\boards\Xilinx\vpk120\production\1.2\board.xml as part xcvp1202-vsva2785-2mp-e-s specified in board_part file is either invalid or not available
WARNING: [Board 49-26] cannot add Board Part xilinx.com:vpk180:part0:1.0 available at C:/Xilinx/2025.1/data/xhub/boards\XilinxBoardStore\boards\Xilinx\vpk180\production\1.0\board.xml as part xcvp1802-lsvc4072-2mp-e-s specified in board_part file is either invalid or not available
WARNING: [Board 49-26] cannot add Board Part xilinx.com:vpk180:part0:1.1 available at C:/Xilinx/2025.1/data/xhub/boards\XilinxBoardStore\boards\Xilinx\vpk180\production\1.1\board.xml as part xcvp1802-lsvc4072-2mp-e-s specified in board_part file is either invalid or not available
WARNING: [Board 49-26] cannot add Board Part xilinx.com:vpk180:part0:1.2 available at C:/Xilinx/2025.1/data/xhub/boards\XilinxBoardStore\boards\Xilinx\vpk180\production\1.2\board.xml as part xcvp1802-lsvc4072-2mp-e-s specified in board_part file is either invalid or not available
WARNING: [Board 49-26] cannot add Board Part xilinx.com:zc702:part0:1.4 available at C:/Xilinx/2025.1/data/xhub/boards\XilinxBoardStore\boards\Xilinx\zc702\1.4\board.xml as part xc7z020clg484-1 specified in board_part file is either invalid or not available
WARNING: [Board 49-26] cannot add Board Part xilinx.com:zc706:part0:1.4 available at C:/Xilinx/2025.1/data/xhub/boards\XilinxBoardStore\boards\Xilinx\zc706\1.4\board.xml as part xc7z045ffg900-2 specified in board_part file is either invalid or not available
WARNING: [Board 49-26] cannot add Board Part xilinx.com:zcu102:part0:3.3 available at C:/Xilinx/2025.1/data/xhub/boards\XilinxBoardStore\boards\Xilinx\zcu102\3.3\board.xml as part xczu9eg-ffvb1156-2-e specified in board_part file is either invalid or not available
WARNING: [Board 49-26] cannot add Board Part xilinx.com:zcu102:part0:3.4 available at C:/Xilinx/2025.1/data/xhub/boards\XilinxBoardStore\boards\Xilinx\zcu102\3.4\board.xml as part xczu9eg-ffvb1156-2-e specified in board_part file is either invalid or not available
WARNING: [Board 49-26] cannot add Board Part xilinx.com:zcu104:part0:1.1 available at C:/Xilinx/2025.1/data/xhub/boards\XilinxBoardStore\boards\Xilinx\zcu104\1.1\board.xml as part xczu7ev-ffvc1156-2-e specified in board_part file is either invalid or not available
WARNING: [Board 49-26] cannot add Board Part xilinx.com:zcu106:part0:2.4 available at C:/Xilinx/2025.1/data/xhub/boards\XilinxBoardStore\boards\Xilinx\zcu106\2.4\board.xml as part xczu7ev-ffvc1156-2-e specified in board_part file is either invalid or not available
WARNING: [Board 49-26] cannot add Board Part xilinx.com:zcu106:part0:2.5 available at C:/Xilinx/2025.1/data/xhub/boards\XilinxBoardStore\boards\Xilinx\zcu106\2.5\board.xml as part xczu7ev-ffvc1156-2-e specified in board_part file is either invalid or not available
WARNING: [Board 49-26] cannot add Board Part xilinx.com:zcu106:part0:2.6 available at C:/Xilinx/2025.1/data/xhub/boards\XilinxBoardStore\boards\Xilinx\zcu106\2.6\board.xml as part xczu7ev-ffvc1156-2-e specified in board_part file is either invalid or not available
WARNING: [Board 49-26] cannot add Board Part xilinx.com:zcu111:part0:1.2 available at C:/Xilinx/2025.1/data/xhub/boards\XilinxBoardStore\boards\Xilinx\zcu111\1.2\board.xml as part xczu28dr-ffvg1517-2-e specified in board_part file is either invalid or not available
WARNING: [Board 49-26] cannot add Board Part xilinx.com:zcu111:part0:1.3 available at C:/Xilinx/2025.1/data/xhub/boards\XilinxBoardStore\boards\Xilinx\zcu111\1.3\board.xml as part xczu28dr-ffvg1517-2-e specified in board_part file is either invalid or not available
WARNING: [Board 49-26] cannot add Board Part xilinx.com:zcu111:part0:1.4 available at C:/Xilinx/2025.1/data/xhub/boards\XilinxBoardStore\boards\Xilinx\zcu111\1.4\board.xml as part xczu28dr-ffvg1517-2-e specified in board_part file is either invalid or not available
WARNING: [Board 49-26] cannot add Board Part xilinx.com:zcu1275:part0:1.0 available at C:/Xilinx/2025.1/data/xhub/boards\XilinxBoardStore\boards\Xilinx\zcu1275\1.0\board.xml as part xczu29dr-ffvf1760-2-e specified in board_part file is either invalid or not available
WARNING: [Board 49-26] cannot add Board Part xilinx.com:zcu1285:part0:1.0 available at C:/Xilinx/2025.1/data/xhub/boards\XilinxBoardStore\boards\Xilinx\zcu1285\1.0\board.xml as part xczu39dr-ffvf1760-2-i specified in board_part file is either invalid or not available
WARNING: [Board 49-26] cannot add Board Part xilinx.com:zcu208:part0:2.0 available at C:/Xilinx/2025.1/data/xhub/boards\XilinxBoardStore\boards\Xilinx\zcu208\production\2.0\board.xml as part xczu48dr-fsvg1517-2-e specified in board_part file is either invalid or not available
WARNING: [Board 49-26] cannot add Board Part xilinx.com:zcu208ld:part0:2.0 available at C:/Xilinx/2025.1/data/xhub/boards\XilinxBoardStore\boards\Xilinx\zcu208ld\production\2.0\board.xml as part xczu58dr-fsvg1517-2-i specified in board_part file is either invalid or not available
WARNING: [Board 49-26] cannot add Board Part xilinx.com:zcu216:part0:2.0 available at C:/Xilinx/2025.1/data/xhub/boards\XilinxBoardStore\boards\Xilinx\zcu216\production\2.0\board.xml as part xczu49dr-ffvf1760-2-e specified in board_part file is either invalid or not available
WARNING: [Board 49-26] cannot add Board Part xilinx.com:zcu216ld:part0:2.0 available at C:/Xilinx/2025.1/data/xhub/boards\XilinxBoardStore\boards\Xilinx\zcu216ld\production\2.0\board.xml as part xczu59dr-ffvf1760-2-i specified in board_part file is either invalid or not available
WARNING: [Board 49-26] cannot add Board Part xilinx.com:zcu670:part0:2.0 available at C:/Xilinx/2025.1/data/xhub/boards\XilinxBoardStore\boards\Xilinx\zcu670\2.0\board.xml as part xczu67dr-fsve1156-2-i specified in board_part file is either invalid or not available
WARNING: [Board 49-26] cannot add Board Part xilinx.com:zcu670ld:part0:1.0 available at C:/Xilinx/2025.1/data/xhub/boards\XilinxBoardStore\boards\Xilinx\zcu670ld\1.0\board.xml as part xczu57dr-fsve1156-2-i specified in board_part file is either invalid or not available
Scanning sources...
Finished scanning sources
WARNING: [Board 49-26] cannot add Board Part xilinx.com:emb-plus-vpr-4616:part0:1.0 available at C:/Xilinx/2025.1/data/xhub/boards\XilinxBoardStore\boards\Xilinx\emb-plus-vpr-4616\1.0\board.xml as part xcve2302-sfva784-2mp-e-s specified in board_part file is either invalid or not available
WARNING: [Board 49-26] cannot add Board Part xilinx.com:emb-plus-vpr-4616:part0:1.1 available at C:/Xilinx/2025.1/data/xhub/boards\XilinxBoardStore\boards\Xilinx\emb-plus-vpr-4616\1.1\board.xml as part xcve2302-sfva784-2mp-e-s specified in board_part file is either invalid or not available
WARNING: [Board 49-26] cannot add Board Part xilinx.com:k24c:part0:1.0 available at C:/Xilinx/2025.1/data/xhub/boards\XilinxBoardStore\boards\Xilinx\k24c\1.0\board.xml as part xck24-ubva530-2lv-c specified in board_part file is either invalid or not available
WARNING: [Board 49-26] cannot add Board Part xilinx.com:k24c:part0:1.1 available at C:/Xilinx/2025.1/data/xhub/boards\XilinxBoardStore\boards\Xilinx\k24c\1.1\board.xml as part xck24-ubva530-2lv-c specified in board_part file is either invalid or not available
WARNING: [Board 49-26] cannot add Board Part xilinx.com:k24i:part0:1.0 available at C:/Xilinx/2025.1/data/xhub/boards\XilinxBoardStore\boards\Xilinx\k24i\1.0\board.xml as part xck24-ubva530-2lvi-i specified in board_part file is either invalid or not available
WARNING: [Board 49-26] cannot add Board Part xilinx.com:k26c:part0:1.2 available at C:/Xilinx/2025.1/data/xhub/boards\XilinxBoardStore\boards\Xilinx\k26c\1.2\board.xml as part xck26-sfvc784-2lv-c specified in board_part file is either invalid or not available
WARNING: [Board 49-26] cannot add Board Part xilinx.com:k26c:part0:1.3 available at C:/Xilinx/2025.1/data/xhub/boards\XilinxBoardStore\boards\Xilinx\k26c\1.3\board.xml as part xck26-sfvc784-2lv-c specified in board_part file is either invalid or not available
WARNING: [Board 49-26] cannot add Board Part xilinx.com:k26c:part0:1.4 available at C:/Xilinx/2025.1/data/xhub/boards\XilinxBoardStore\boards\Xilinx\k26c\1.4\board.xml as part xck26-sfvc784-2lv-c specified in board_part file is either invalid or not available
WARNING: [Board 49-26] cannot add Board Part xilinx.com:k26i:part0:1.2 available at C:/Xilinx/2025.1/data/xhub/boards\XilinxBoardStore\boards\Xilinx\k26i\1.2\board.xml as part xck26-sfvc784-2lvi-i specified in board_part file is either invalid or not available
WARNING: [Board 49-26] cannot add Board Part xilinx.com:k26i:part0:1.3 available at C:/Xilinx/2025.1/data/xhub/boards\XilinxBoardStore\boards\Xilinx\k26i\1.3\board.xml as part xck26-sfvc784-2lvi-i specified in board_part file is either invalid or not available
WARNING: [Board 49-26] cannot add Board Part xilinx.com:k26i:part0:1.4 available at C:/Xilinx/2025.1/data/xhub/boards\XilinxBoardStore\boards\Xilinx\k26i\1.4\board.xml as part xck26-sfvc784-2lvi-i specified in board_part file is either invalid or not available
WARNING: [Board 49-26] cannot add Board Part xilinx.com:kcu105:part0:1.6 available at C:/Xilinx/2025.1/data/xhub/boards\XilinxBoardStore\boards\Xilinx\kcu105\1.6\board.xml as part xcku040-ffva1156-2-e specified in board_part file is either invalid or not available
WARNING: [Board 49-26] cannot add Board Part xilinx.com:kcu105:part0:1.7 available at C:/Xilinx/2025.1/data/xhub/boards\XilinxBoardStore\boards\Xilinx\kcu105\1.7\board.xml as part xcku040-ffva1156-2-e specified in board_part file is either invalid or not available
WARNING: [Board 49-26] cannot add Board Part xilinx.com:kcu116:part0:1.4 available at C:/Xilinx/2025.1/data/xhub/boards\XilinxBoardStore\boards\Xilinx\kcu116\1.4\board.xml as part xcku5p-ffvb676-2-e specified in board_part file is either invalid or not available
WARNING: [Board 49-26] cannot add Board Part xilinx.com:kcu116:part0:1.5 available at C:/Xilinx/2025.1/data/xhub/boards\XilinxBoardStore\boards\Xilinx\kcu116\1.5\board.xml as part xcku5p-ffvb676-2-e specified in board_part file is either invalid or not available
INFO: [Common 17-14] Message 'Board 49-26' appears 100 times and further instances of the messages will be disabled. Use the Tcl command set_msg_config to change the current settings.
INFO: [IP_Flow 19-234] Refreshing IP repositories
WARNING: [IP_Flow 19-2248] Failed to load user IP repository 'c:/Users/lucas/Documents/GitHub/KBS-DOOM/IP'; Can't find the specified path.
If this directory should no longer be in your list of user repositories, go to the IP Settings dialog and remove it.
INFO: [IP_Flow 19-2313] Loaded Vivado IP repository 'C:/Xilinx/2025.1/Vivado/data/ip'.
WARNING: [BD 41-1661] One or more IPs have been locked in the design 'system.bd'. Please run report_ip_status for more details and recommendations on how to fix this issue.
List of locked IPs:
system_neorv32_vivado_ip_0_0

INFO: [Project 1-5698] Found the below utility IPs instantiated in block design C:/Users/lucas/Documents/GitHub/KBS-DOOM/KBS-DOOM/KBS-DOOM.srcs/sources_1/bd/system/system.bd which have equivalent inline hdl with improved performance and reduced diskspace.
It is recommended to migrate these utility IPs to inline hdl  using the command upgrade_project -migrate_to_inline_hdl.  The utility IPs may be deprecated in future releases.
More information on inline hdl is available in UG994.
Utility IP Component Instances:
 system_xlconcat_0_0
system_xlconstant_0_0
system_util_vector_logic_0_0
open_project: Time (s): cpu = 00:00:34 ; elapsed = 00:00:17 . Memory (MB): peak = 1748.512 ; gain = 369.336
update_compile_order -fileset sources_1
close [ open C:/Users/lucas/Documents/GitHub/KBS-DOOM/KBS-DOOM/KBS-DOOM.srcs/sources_1/new/PS2Sync.vhd w ]
add_files C:/Users/lucas/Documents/GitHub/KBS-DOOM/KBS-DOOM/KBS-DOOM.srcs/sources_1/new/PS2Sync.vhd
close [ open C:/Users/lucas/Documents/GitHub/KBS-DOOM/KBS-DOOM/KBS-DOOM.srcs/sources_1/new/PS2Reciever.v w ]
add_files C:/Users/lucas/Documents/GitHub/KBS-DOOM/KBS-DOOM/KBS-DOOM.srcs/sources_1/new/PS2Reciever.v
update_compile_order -fileset sources_1
export_ip_user_files -of_objects  [get_files C:/Users/lucas/Documents/GitHub/KBS-DOOM/KBS-DOOM/KBS-DOOM.srcs/sources_1/new/PS2Sync.vhd] -no_script -reset -force -quiet
remove_files  C:/Users/lucas/Documents/GitHub/KBS-DOOM/KBS-DOOM/KBS-DOOM.srcs/sources_1/new/PS2Sync.vhd
file delete -force C:/Users/lucas/Documents/GitHub/KBS-DOOM/KBS-DOOM/KBS-DOOM.srcs/sources_1/new/PS2Sync.vhd
close [ open C:/Users/lucas/Documents/GitHub/KBS-DOOM/KBS-DOOM/KBS-DOOM.srcs/sources_1/new/PS2Sync.v w ]
add_files C:/Users/lucas/Documents/GitHub/KBS-DOOM/KBS-DOOM/KBS-DOOM.srcs/sources_1/new/PS2Sync.v
update_compile_order -fileset sources_1
WARNING: [filemgmt 56-199] Attempt to get parsing info during refresh. "On-the-fly" syntax checking information may be incorrect. [C:\Users\lucas\Documents\GitHub\KBS-DOOM\KBS-DOOM\KBS-DOOM.srcs\sources_1\new\PS2Reciever.v:]
WARNING: [filemgmt 56-199] Attempt to get parsing info during refresh. "On-the-fly" syntax checking information may be incorrect. [C:\Users\lucas\Documents\GitHub\KBS-DOOM\KBS-DOOM\KBS-DOOM.srcs\sources_1\new\PS2Sync.v:]
WARNING: [filemgmt 56-199] Attempt to get parsing info during refresh. "On-the-fly" syntax checking information may be incorrect. [C:\Users\lucas\Documents\GitHub\KBS-DOOM\KBS-DOOM\KBS-DOOM.srcs\sources_1\new\PS2Sync.vhd:]
WARNING: [filemgmt 56-199] Attempt to get parsing info during refresh. "On-the-fly" syntax checking information may be incorrect. [C:\Users\lucas\Documents\GitHub\KBS-DOOM\KBS-DOOM\KBS-DOOM.srcs\sources_1\new\PS2Reciever.v:]
WARNING: [filemgmt 56-199] Attempt to get parsing info during refresh. "On-the-fly" syntax checking information may be incorrect. [C:\Users\lucas\Documents\GitHub\KBS-DOOM\KBS-DOOM\KBS-DOOM.srcs\sources_1\new\PS2Reciever.v:]
open_bd_design {C:/Users/lucas/Documents/GitHub/KBS-DOOM/KBS-DOOM/KBS-DOOM.srcs/sources_1/bd/system/system.bd}
Reading block design file <C:/Users/lucas/Documents/GitHub/KBS-DOOM/KBS-DOOM/KBS-DOOM.srcs/sources_1/bd/system/system.bd>...
Adding component instance block -- NEORV32:user:neorv32_vivado_ip:1.0 - neorv32_vivado_ip_0
Adding component instance block -- xilinx.com:ip:axis_data_fifo:2.0 - axis_data_fifo_0
Adding component instance block -- xilinx.com:ip:smartconnect:1.0 - smartconnect_0
Adding component instance block -- xilinx.com:ip:xlconcat:2.1 - xlconcat_0
Adding component instance block -- xilinx.com:ip:axi_bram_ctrl:4.1 - axi_bram_ctrl_0
Adding component instance block -- xilinx.com:ip:blk_mem_gen:8.4 - blk_mem_gen_0
Adding component instance block -- xilinx.com:ip:axi_bram_ctrl:4.1 - axi_bram_ctrl_1
Adding component instance block -- xilinx.com:ip:blk_mem_gen:8.4 - blk_mem_gen_1
Adding component instance block -- xilinx.com:ip:proc_sys_reset:5.0 - proc_sys_reset_0
Adding component instance block -- xilinx.com:ip:xlconstant:1.1 - xlconstant_0
Adding component instance block -- xilinx.com:ip:util_ds_buf:2.2 - util_ds_buf_0
Adding component instance block -- xilinx.com:inline_hdl:ilconstant:1.0 - ilconstant_0
Adding component instance block -- xilinx.com:ip:mig_7series:4.2 - mig_7series_0
Adding component instance block -- xilinx.com:ip:clk_wiz:6.0 - clk_wiz_0
Adding component instance block -- xilinx.com:ip:util_vector_logic:2.0 - util_vector_logic_0
Adding component instance block -- xilinx.com:module_ref:vga_display:1.0 - vga_display_0
Adding component instance block -- xilinx.com:ip:axi_bram_ctrl:4.1 - axi_bram_ctrl_2
Adding component instance block -- xilinx.com:ip:blk_mem_gen:8.4 - blk_mem_gen_2
Successfully read diagram <system> from block design file <C:/Users/lucas/Documents/GitHub/KBS-DOOM/KBS-DOOM/KBS-DOOM.srcs/sources_1/bd/system/system.bd>
open_bd_design: Time (s): cpu = 00:00:10 ; elapsed = 00:00:14 . Memory (MB): peak = 1899.539 ; gain = 126.902
WARNING: [filemgmt 56-199] Attempt to get parsing info during refresh. "On-the-fly" syntax checking information may be incorrect. [C:\Users\lucas\Documents\GitHub\KBS-DOOM\KBS-DOOM\KBS-DOOM.srcs\sources_1\new\PS2Reciever.v:]
WARNING: [filemgmt 56-199] Attempt to get parsing info during refresh. "On-the-fly" syntax checking information may be incorrect. [C:\Users\lucas\Documents\GitHub\KBS-DOOM\KBS-DOOM\KBS-DOOM.srcs\sources_1\new\PS2Sync.v:]
WARNING: [filemgmt 56-199] Attempt to get parsing info during refresh. "On-the-fly" syntax checking information may be incorrect. [C:\Users\lucas\Documents\GitHub\KBS-DOOM\KBS-DOOM\KBS-DOOM.srcs\sources_1\new\PS2Sync.vhd:]
WARNING: [filemgmt 56-199] Attempt to get parsing info during refresh. "On-the-fly" syntax checking information may be incorrect. [C:\Users\lucas\Documents\GitHub\KBS-DOOM\KBS-DOOM\KBS-DOOM.srcs\sources_1\new\PS2Sync.v:]
WARNING: [filemgmt 56-199] Attempt to get parsing info during refresh. "On-the-fly" syntax checking information may be incorrect. [C:\Users\lucas\Documents\GitHub\KBS-DOOM\KBS-DOOM\KBS-DOOM.srcs\sources_1\new\PS2Sync.v:]
WARNING: [filemgmt 56-199] Attempt to get parsing info during refresh. "On-the-fly" syntax checking information may be incorrect. [C:\Users\lucas\Documents\GitHub\KBS-DOOM\KBS-DOOM\KBS-DOOM.srcs\sources_1\new\PS2Reciever.v:]
WARNING: [filemgmt 56-199] Attempt to get parsing info during refresh. "On-the-fly" syntax checking information may be incorrect. [C:\Users\lucas\Documents\GitHub\KBS-DOOM\KBS-DOOM\KBS-DOOM.srcs\sources_1\new\PS2Sync.v:]
WARNING: [filemgmt 56-199] Attempt to get parsing info during refresh. "On-the-fly" syntax checking information may be incorrect. [C:\Users\lucas\Documents\GitHub\KBS-DOOM\KBS-DOOM\KBS-DOOM.srcs\sources_1\new\PS2Sync.vhd:]
WARNING: [filemgmt 56-199] Attempt to get parsing info during refresh. "On-the-fly" syntax checking information may be incorrect. [C:\Users\lucas\Documents\GitHub\KBS-DOOM\KBS-DOOM\KBS-DOOM.srcs\sources_1\new\PS2Reciever.v:]
WARNING: [filemgmt 56-199] Attempt to get parsing info during refresh. "On-the-fly" syntax checking information may be incorrect. [C:\Users\lucas\Documents\GitHub\KBS-DOOM\KBS-DOOM\KBS-DOOM.srcs\sources_1\new\PS2Reciever.v:]
open_bd_design {C:/Users/lucas/Documents/GitHub/KBS-DOOM/KBS-DOOM/KBS-DOOM.srcs/sources_1/bd/system/system.bd}
create_bd_cell -type module -reference PS2Receiver PS2Receiver_0
INFO: [IP_Flow 19-5107] Inferred bus interface 'clk' of definition 'xilinx.com:signal:clock:1.0' (from Xilinx Repository).
WARNING: [IP_Flow 19-5661] Bus Interface 'clk' does not have any bus interfaces associated with it.
WARNING: [IP_Flow 19-11770] Clock interface 'clk' has no FREQ_HZ parameter.
set_property location {2 246 226} [get_bd_cells util_ds_buf_0]
create_bd_cell -type module -reference ps2_sync ps2_sync_0
INFO: [IP_Flow 19-5107] Inferred bus interface 'clk' of definition 'xilinx.com:signal:clock:1.0' (from Xilinx Repository).
INFO: [IP_Flow 19-5107] Inferred bus interface 'ps2_clk' of definition 'xilinx.com:signal:clock:1.0' (from Xilinx Repository).
WARNING: [IP_Flow 19-5661] Bus Interface 'clk' does not have any bus interfaces associated with it.
WARNING: [IP_Flow 19-11770] Clock interface 'clk' has no FREQ_HZ parameter.
WARNING: [IP_Flow 19-5661] Bus Interface 'ps2_clk' does not have any bus interfaces associated with it.
WARNING: [IP_Flow 19-11770] Clock interface 'ps2_clk' has no FREQ_HZ parameter.
set_property location {2.5 469 31} [get_bd_cells PS2Receiver_0]
set_property location {2 218 19} [get_bd_cells ps2_sync_0]
connect_bd_net [get_bd_ports CLK100MHZ] [get_bd_pins ps2_sync_0/clk]
connect_bd_net [get_bd_ports CLK100MHZ] [get_bd_pins PS2Receiver_0/clk]
startgroup
create_bd_port -dir I -type clk -freq_hz 100000000 ps2_clk
connect_bd_net [get_bd_pins /ps2_sync_0/ps2_clk] [get_bd_ports ps2_clk]
endgroup
undo
INFO: [Common 17-17] undo 'endgroup'
INFO: [Common 17-17] undo 'connect_bd_net [get_bd_pins /ps2_sync_0/ps2_clk] [get_bd_ports ps2_clk]'
INFO: [Common 17-17] undo 'create_bd_port -dir I -type clk -freq_hz 100000000 ps2_clk'
INFO: [Common 17-17] undo 'startgroup'
startgroup
create_bd_port -dir I -type clk -freq_hz 100000000 PS2_CLK
connect_bd_net [get_bd_pins /ps2_sync_0/ps2_clk] [get_bd_ports PS2_CLK]
endgroup
startgroup
create_bd_port -dir I PS2_DATA
connect_bd_net [get_bd_pins /ps2_sync_0/ps2_data] [get_bd_ports PS2_DATA]
endgroup
connect_bd_net [get_bd_pins ps2_sync_0/clk_fall] [get_bd_pins PS2Receiver_0/kclk]
connect_bd_net [get_bd_pins ps2_sync_0/data_sync] [get_bd_pins PS2Receiver_0/kdata]
delete_bd_objs [get_bd_nets xlconcat_0_dout]
connect_bd_net [get_bd_pins PS2Receiver_0/keycode] [get_bd_pins neorv32_vivado_ip_0/gpio_i]
delete_bd_objs [get_bd_nets BTNL_1] [get_bd_nets BTNR_1] [get_bd_nets SW_1] [get_bd_cells xlconcat_0]
delete_bd_objs [get_bd_ports SW]
delete_bd_objs [get_bd_ports BTNR]
delete_bd_objs [get_bd_ports BTNL]
save_bd_design
Wrote  : <C:\Users\lucas\Documents\GitHub\KBS-DOOM\KBS-DOOM\KBS-DOOM.srcs\sources_1\bd\system\system.bd> 
Wrote  : <C:/Users/lucas/Documents/GitHub/KBS-DOOM/KBS-DOOM/KBS-DOOM.srcs/sources_1/bd/system/ui/bd_c954508f.ui> 
update_compile_order -fileset sources_1
WARNING: [filemgmt 56-199] Attempt to get parsing info during refresh. "On-the-fly" syntax checking information may be incorrect. [C:\Users\lucas\Documents\GitHub\KBS-DOOM\KBS-DOOM\KBS-DOOM.srcs\sources_1\new\PS2Reciever.v:]
WARNING: [filemgmt 56-199] Attempt to get parsing info during refresh. "On-the-fly" syntax checking information may be incorrect. [C:\Users\lucas\Documents\GitHub\KBS-DOOM\KBS-DOOM\KBS-DOOM.srcs\sources_1\new\PS2Sync.v:]
WARNING: [filemgmt 56-199] Attempt to get parsing info during refresh. "On-the-fly" syntax checking information may be incorrect. [C:\Users\lucas\Documents\GitHub\KBS-DOOM\KBS-DOOM\KBS-DOOM.srcs\sources_1\new\PS2Sync.vhd:]
WARNING: [filemgmt 56-199] Attempt to get parsing info during refresh. "On-the-fly" syntax checking information may be incorrect. [C:\Users\lucas\Documents\GitHub\KBS-DOOM\KBS-DOOM\KBS-DOOM.srcs\sources_1\new\PS2Reciever.v:]
WARNING: [filemgmt 56-199] Attempt to get parsing info during refresh. "On-the-fly" syntax checking information may be incorrect. [C:\Users\lucas\Documents\GitHub\KBS-DOOM\KBS-DOOM\KBS-DOOM.srcs\sources_1\new\PS2Reciever.v:]
set_property  ip_repo_paths  {c:/Users/lucas/Documents/GitHub/KBS-DOOM/IP C:/Users/lucas/Documents/GitHub/KBS-DOOM} [current_project]
update_ip_catalog
INFO: [IP_Flow 19-234] Refreshing IP repositories
WARNING: [IP_Flow 19-3685] Ignored loading user repository 'c:/Users/lucas/Documents/GitHub/KBS-DOOM/IP'. The path is contained within another repository.
CRITICAL WARNING: [IP_Flow 19-11780] Skipping module reference component xilinx.com:module_ref:PS2Receiver:1.0 found in user repository c:/Users/lucas/Documents/GitHub/KBS-DOOM 
CRITICAL WARNING: [IP_Flow 19-11780] Skipping module reference component xilinx.com:module_ref:ps2_sync:1.0 found in user repository c:/Users/lucas/Documents/GitHub/KBS-DOOM 
CRITICAL WARNING: [IP_Flow 19-11780] Skipping module reference component xilinx.com:module_ref:vga_display:1.0 found in user repository c:/Users/lucas/Documents/GitHub/KBS-DOOM 
INFO: [IP_Flow 19-1700] Loaded user IP repository 'c:/Users/lucas/Documents/GitHub/KBS-DOOM'.
WARNING: [IP_Flow 19-3656] If you move the project, the path for repository 'c:/Users/lucas/Documents/GitHub/KBS-DOOM' may become invalid. A better location for the repository would be in a path adjacent to the project. (Current project location is 'c:/Users/lucas/Documents/GitHub/KBS-DOOM/KBS-DOOM'.)
WARNING: [filemgmt 56-199] Attempt to get parsing info during refresh. "On-the-fly" syntax checking information may be incorrect. [C:\Users\lucas\Documents\GitHub\KBS-DOOM\KBS-DOOM\KBS-DOOM.srcs\sources_1\new\PS2Reciever.v:]
WARNING: [filemgmt 56-199] Attempt to get parsing info during refresh. "On-the-fly" syntax checking information may be incorrect. [C:\Users\lucas\Documents\GitHub\KBS-DOOM\KBS-DOOM\KBS-DOOM.srcs\sources_1\new\PS2Sync.v:]
WARNING: [filemgmt 56-199] Attempt to get parsing info during refresh. "On-the-fly" syntax checking information may be incorrect. [C:\Users\lucas\Documents\GitHub\KBS-DOOM\KBS-DOOM\KBS-DOOM.srcs\sources_1\new\PS2Sync.vhd:]
WARNING: [filemgmt 56-199] Attempt to get parsing info during refresh. "On-the-fly" syntax checking information may be incorrect. [C:\Users\lucas\Documents\GitHub\KBS-DOOM\KBS-DOOM\KBS-DOOM.srcs\sources_1\new\PS2Reciever.v:]
WARNING: [filemgmt 56-199] Attempt to get parsing info during refresh. "On-the-fly" syntax checking information may be incorrect. [C:\Users\lucas\Documents\GitHub\KBS-DOOM\KBS-DOOM\KBS-DOOM.srcs\sources_1\new\PS2Reciever.v:]
startgroup
set_property CONFIG.IO_GPIO_IN_NUM {16} [get_bd_cells neorv32_vivado_ip_0]
endgroup
save_bd_design
Wrote  : <C:\Users\lucas\Documents\GitHub\KBS-DOOM\KBS-DOOM\KBS-DOOM.srcs\sources_1\bd\system\system.bd> 
Wrote  : <C:/Users/lucas/Documents/GitHub/KBS-DOOM/KBS-DOOM/KBS-DOOM.srcs/sources_1/bd/system/ui/bd_c954508f.ui> 
generate_target all [get_files  C:/Users/lucas/Documents/GitHub/KBS-DOOM/KBS-DOOM/KBS-DOOM.srcs/sources_1/bd/system/system.bd]
INFO: [BD 5-943] Reserving offset range <0x9000_0000 [ 4M ]> from slave interface '/smartconnect_0/S00_AXI' to master interface '/smartconnect_0/M00_AXI'. This will be used by smartconnect on path for routing.
INFO: [BD 5-943] Reserving offset range <0xC200_0000 [ 4K ]> from slave interface '/smartconnect_0/S00_AXI' to master interface '/smartconnect_0/M01_AXI'. This will be used by smartconnect on path for routing.
INFO: [BD 5-943] Reserving offset range <0xC000_0000 [ 128K ]> from slave interface '/smartconnect_0/S00_AXI' to master interface '/smartconnect_0/M02_AXI'. This will be used by smartconnect on path for routing.
INFO: [BD 5-943] Reserving offset range <0x8000_0000 [ 256K ]> from slave interface '/smartconnect_0/S00_AXI' to master interface '/smartconnect_0/M03_AXI'. This will be used by smartconnect on path for routing.
INFO: [xilinx.com:ip:smartconnect:1.0-1] system_smartconnect_0_1: SmartConnect system_smartconnect_0_1 is in High-performance Mode.
INFO: [xilinx.com:ip:clk_wiz:6.0-1] /clk_wiz_0 clk_wiz propagate
Wrote  : <C:\Users\lucas\Documents\GitHub\KBS-DOOM\KBS-DOOM\KBS-DOOM.srcs\sources_1\bd\system\system.bd> 
Wrote  : <C:/Users/lucas/Documents/GitHub/KBS-DOOM/KBS-DOOM/KBS-DOOM.srcs/sources_1/bd/system/ui/bd_c954508f.ui> 
WARNING: [BD 41-2384] Width mismatch when connecting pin: '/blk_mem_gen_0/addra'(32) to pin: '/axi_bram_ctrl_0/bram_addr_a'(17) - Only lower order bits will be connected.
WARNING: [BD 41-2384] Width mismatch when connecting pin: '/blk_mem_gen_1/addra'(32) to pin: '/axi_bram_ctrl_1/bram_addr_a'(12) - Only lower order bits will be connected.
WARNING: [BD 41-2384] Width mismatch when connecting pin: '/blk_mem_gen_2/addra'(32) to pin: '/axi_bram_ctrl_2/bram_addr_a'(18) - Only lower order bits will be connected.
VHDL Output written to : c:/Users/lucas/Documents/GitHub/KBS-DOOM/KBS-DOOM/KBS-DOOM.gen/sources_1/bd/system/synth/system.vhd
WARNING: [BD 41-2384] Width mismatch when connecting pin: '/blk_mem_gen_0/addra'(32) to pin: '/axi_bram_ctrl_0/bram_addr_a'(17) - Only lower order bits will be connected.
WARNING: [BD 41-2384] Width mismatch when connecting pin: '/blk_mem_gen_1/addra'(32) to pin: '/axi_bram_ctrl_1/bram_addr_a'(12) - Only lower order bits will be connected.
WARNING: [BD 41-2384] Width mismatch when connecting pin: '/blk_mem_gen_2/addra'(32) to pin: '/axi_bram_ctrl_2/bram_addr_a'(18) - Only lower order bits will be connected.
VHDL Output written to : c:/Users/lucas/Documents/GitHub/KBS-DOOM/KBS-DOOM/KBS-DOOM.gen/sources_1/bd/system/sim/system.vhd
VHDL Output written to : c:/Users/lucas/Documents/GitHub/KBS-DOOM/KBS-DOOM/KBS-DOOM.gen/sources_1/bd/system/hdl/system_wrapper.vhd
INFO: [BD 41-1029] Generation completed for the IP Integrator block neorv32_vivado_ip_0 .
Exporting to file c:/Users/lucas/Documents/GitHub/KBS-DOOM/KBS-DOOM/KBS-DOOM.gen/sources_1/bd/system/ip/system_smartconnect_0_1/bd_0/hw_handoff/system_smartconnect_0_1.hwh
Generated Hardware Definition File c:/Users/lucas/Documents/GitHub/KBS-DOOM/KBS-DOOM/KBS-DOOM.gen/sources_1/bd/system/ip/system_smartconnect_0_1/bd_0/synth/system_smartconnect_0_1.hwdef
INFO: [BD 41-1029] Generation completed for the IP Integrator block smartconnect_0 .
INFO: [BD 41-1982] Skipping generation for the cell xlconstant_0, which is locked by user.
INFO: [BD 41-1982] Skipping generation for the cell util_vector_logic_0, which is locked by user.
INFO: [BD 41-1029] Generation completed for the IP Integrator block PS2Receiver_0 .
INFO: [BD 41-1029] Generation completed for the IP Integrator block ps2_sync_0 .
Exporting to file c:/Users/lucas/Documents/GitHub/KBS-DOOM/KBS-DOOM/KBS-DOOM.gen/sources_1/bd/system/hw_handoff/system.hwh
Generated Hardware Definition File c:/Users/lucas/Documents/GitHub/KBS-DOOM/KBS-DOOM/KBS-DOOM.gen/sources_1/bd/system/synth/system.hwdef
generate_target: Time (s): cpu = 00:00:20 ; elapsed = 00:00:26 . Memory (MB): peak = 2147.938 ; gain = 0.000
catch { config_ip_cache -export [get_ips -all system_neorv32_vivado_ip_0_0] }
catch { config_ip_cache -export [get_ips -all system_smartconnect_0_1] }
INFO: [IP_Flow 19-4993] Using cached IP synthesis design for IP system_smartconnect_0_1, cache-ID = 265d6d9ed54cb1fa; cache size = 78.249 MB.
config_ip_cache: Time (s): cpu = 00:00:07 ; elapsed = 00:00:07 . Memory (MB): peak = 2147.938 ; gain = 0.000
catch { [ delete_ip_run [get_ips -all system_smartconnect_0_1] ] }
export_ip_user_files -of_objects [get_files C:/Users/lucas/Documents/GitHub/KBS-DOOM/KBS-DOOM/KBS-DOOM.srcs/sources_1/bd/system/system.bd] -no_script -sync -force -quiet
create_ip_run [get_files -of_objects [get_fileset sources_1] C:/Users/lucas/Documents/GitHub/KBS-DOOM/KBS-DOOM/KBS-DOOM.srcs/sources_1/bd/system/system.bd]
launch_runs system_PS2Receiver_0_0_synth_1 system_neorv32_vivado_ip_0_0_synth_1 system_ps2_sync_0_0_synth_1 -jobs 16
[Thu Dec 11 09:41:01 2025] Launched system_PS2Receiver_0_0_synth_1, system_neorv32_vivado_ip_0_0_synth_1, system_ps2_sync_0_0_synth_1...
Run output will be captured here:
system_PS2Receiver_0_0_synth_1: C:/Users/lucas/Documents/GitHub/KBS-DOOM/KBS-DOOM/KBS-DOOM.runs/system_PS2Receiver_0_0_synth_1/runme.log
system_neorv32_vivado_ip_0_0_synth_1: C:/Users/lucas/Documents/GitHub/KBS-DOOM/KBS-DOOM/KBS-DOOM.runs/system_neorv32_vivado_ip_0_0_synth_1/runme.log
system_ps2_sync_0_0_synth_1: C:/Users/lucas/Documents/GitHub/KBS-DOOM/KBS-DOOM/KBS-DOOM.runs/system_ps2_sync_0_0_synth_1/runme.log
export_simulation -lib_map_path [list {modelsim=C:/Users/lucas/Documents/GitHub/KBS-DOOM/KBS-DOOM/KBS-DOOM.cache/compile_simlib/modelsim} {questa=C:/Users/lucas/Documents/GitHub/KBS-DOOM/KBS-DOOM/KBS-DOOM.cache/compile_simlib/questa} {riviera=C:/Users/lucas/Documents/GitHub/KBS-DOOM/KBS-DOOM/KBS-DOOM.cache/compile_simlib/riviera} {activehdl=C:/Users/lucas/Documents/GitHub/KBS-DOOM/KBS-DOOM/KBS-DOOM.cache/compile_simlib/activehdl}] -of_objects [get_files C:/Users/lucas/Documents/GitHub/KBS-DOOM/KBS-DOOM/KBS-DOOM.srcs/sources_1/bd/system/system.bd] -directory C:/Users/lucas/Documents/GitHub/KBS-DOOM/KBS-DOOM/KBS-DOOM.ip_user_files/sim_scripts -ip_user_files_dir C:/Users/lucas/Documents/GitHub/KBS-DOOM/KBS-DOOM/KBS-DOOM.ip_user_files -ipstatic_source_dir C:/Users/lucas/Documents/GitHub/KBS-DOOM/KBS-DOOM/KBS-DOOM.ip_user_files/ipstatic -use_ip_compiled_libs -force -quiet
WARNING: [filemgmt 56-199] Attempt to get parsing info during refresh. "On-the-fly" syntax checking information may be incorrect. [C:\Users\lucas\Documents\GitHub\KBS-DOOM\KBS-DOOM\KBS-DOOM.srcs\sources_1\new\PS2Reciever.v:]
WARNING: [filemgmt 56-199] Attempt to get parsing info during refresh. "On-the-fly" syntax checking information may be incorrect. [C:\Users\lucas\Documents\GitHub\KBS-DOOM\KBS-DOOM\KBS-DOOM.srcs\sources_1\new\PS2Sync.v:]
WARNING: [filemgmt 56-199] Attempt to get parsing info during refresh. "On-the-fly" syntax checking information may be incorrect. [C:\Users\lucas\Documents\GitHub\KBS-DOOM\KBS-DOOM\KBS-DOOM.srcs\sources_1\new\PS2Sync.vhd:]
WARNING: [filemgmt 56-199] Attempt to get parsing info during refresh. "On-the-fly" syntax checking information may be incorrect. [C:\Users\lucas\Documents\GitHub\KBS-DOOM\KBS-DOOM\KBS-DOOM.srcs\sources_1\new\PS2Sync.v:]
WARNING: [filemgmt 56-199] Attempt to get parsing info during refresh. "On-the-fly" syntax checking information may be incorrect. [C:\Users\lucas\Documents\GitHub\KBS-DOOM\KBS-DOOM\KBS-DOOM.srcs\sources_1\new\PS2Sync.v:]
reset_run synth_1
INFO: [Project 1-1161] Replacing file C:/Users/lucas/Documents/GitHub/KBS-DOOM/KBS-DOOM/KBS-DOOM.srcs/utils_1/imports/synth_1/system_wrapper.dcp with file C:/Users/lucas/Documents/GitHub/KBS-DOOM/KBS-DOOM/KBS-DOOM.runs/synth_1/system_wrapper.dcp
WARNING: [Vivado 12-1017] Problems encountered:
1. Failed to delete one or more files in run directory C:/Users/lucas/Documents/GitHub/KBS-DOOM/KBS-DOOM/KBS-DOOM.runs/synth_1

launch_runs impl_1 -to_step write_bitstream -jobs 16
[Thu Dec 11 09:41:49 2025] Launched system_neorv32_vivado_ip_0_0_synth_1, system_PS2Receiver_0_0_synth_1, system_ps2_sync_0_0_synth_1, synth_1...
Run output will be captured here:
system_neorv32_vivado_ip_0_0_synth_1: C:/Users/lucas/Documents/GitHub/KBS-DOOM/KBS-DOOM/KBS-DOOM.runs/system_neorv32_vivado_ip_0_0_synth_1/runme.log
system_PS2Receiver_0_0_synth_1: C:/Users/lucas/Documents/GitHub/KBS-DOOM/KBS-DOOM/KBS-DOOM.runs/system_PS2Receiver_0_0_synth_1/runme.log
system_ps2_sync_0_0_synth_1: C:/Users/lucas/Documents/GitHub/KBS-DOOM/KBS-DOOM/KBS-DOOM.runs/system_ps2_sync_0_0_synth_1/runme.log
synth_1: C:/Users/lucas/Documents/GitHub/KBS-DOOM/KBS-DOOM/KBS-DOOM.runs/synth_1/runme.log
[Thu Dec 11 09:41:49 2025] Launched impl_1...
Run output will be captured here: C:/Users/lucas/Documents/GitHub/KBS-DOOM/KBS-DOOM/KBS-DOOM.runs/impl_1/runme.log
launch_runs: Time (s): cpu = 00:00:01 ; elapsed = 00:00:06 . Memory (MB): peak = 2147.938 ; gain = 0.000
reset_run synth_1
launch_runs impl_1 -to_step write_bitstream -jobs 16
[Thu Dec 11 09:41:58 2025] Launched system_neorv32_vivado_ip_0_0_synth_1, system_PS2Receiver_0_0_synth_1, system_ps2_sync_0_0_synth_1, synth_1...
Run output will be captured here:
system_neorv32_vivado_ip_0_0_synth_1: C:/Users/lucas/Documents/GitHub/KBS-DOOM/KBS-DOOM/KBS-DOOM.runs/system_neorv32_vivado_ip_0_0_synth_1/runme.log
system_PS2Receiver_0_0_synth_1: C:/Users/lucas/Documents/GitHub/KBS-DOOM/KBS-DOOM/KBS-DOOM.runs/system_PS2Receiver_0_0_synth_1/runme.log
system_ps2_sync_0_0_synth_1: C:/Users/lucas/Documents/GitHub/KBS-DOOM/KBS-DOOM/KBS-DOOM.runs/system_ps2_sync_0_0_synth_1/runme.log
synth_1: C:/Users/lucas/Documents/GitHub/KBS-DOOM/KBS-DOOM/KBS-DOOM.runs/synth_1/runme.log
[Thu Dec 11 09:41:58 2025] Launched impl_1...
Run output will be captured here: C:/Users/lucas/Documents/GitHub/KBS-DOOM/KBS-DOOM/KBS-DOOM.runs/impl_1/runme.log
WARNING: [filemgmt 56-199] Attempt to get parsing info during refresh. "On-the-fly" syntax checking information may be incorrect. [C:\Users\lucas\Documents\GitHub\KBS-DOOM\KBS-DOOM\KBS-DOOM.srcs\sources_1\new\PS2Reciever.v:]
WARNING: [filemgmt 56-199] Attempt to get parsing info during refresh. "On-the-fly" syntax checking information may be incorrect. [C:\Users\lucas\Documents\GitHub\KBS-DOOM\KBS-DOOM\KBS-DOOM.srcs\sources_1\new\PS2Sync.v:]
WARNING: [filemgmt 56-199] Attempt to get parsing info during refresh. "On-the-fly" syntax checking information may be incorrect. [C:\Users\lucas\Documents\GitHub\KBS-DOOM\KBS-DOOM\KBS-DOOM.srcs\sources_1\new\PS2Sync.vhd:]
WARNING: [filemgmt 56-199] Attempt to get parsing info during refresh. "On-the-fly" syntax checking information may be incorrect. [C:\Users\lucas\Documents\GitHub\KBS-DOOM\KBS-DOOM\KBS-DOOM.srcs\sources_1\new\PS2Sync.v:]
WARNING: [filemgmt 56-199] Attempt to get parsing info during refresh. "On-the-fly" syntax checking information may be incorrect. [C:\Users\lucas\Documents\GitHub\KBS-DOOM\KBS-DOOM\KBS-DOOM.srcs\sources_1\new\PS2Sync.v:]
WARNING: [filemgmt 56-199] Attempt to get parsing info during refresh. "On-the-fly" syntax checking information may be incorrect. [C:\Users\lucas\Documents\GitHub\KBS-DOOM\KBS-DOOM\KBS-DOOM.srcs\sources_1\new\PS2Reciever.v:]
WARNING: [filemgmt 56-199] Attempt to get parsing info during refresh. "On-the-fly" syntax checking information may be incorrect. [C:\Users\lucas\Documents\GitHub\KBS-DOOM\KBS-DOOM\KBS-DOOM.srcs\sources_1\new\PS2Sync.v:]
WARNING: [filemgmt 56-199] Attempt to get parsing info during refresh. "On-the-fly" syntax checking information may be incorrect. [C:\Users\lucas\Documents\GitHub\KBS-DOOM\KBS-DOOM\KBS-DOOM.srcs\sources_1\new\PS2Sync.vhd:]
WARNING: [filemgmt 56-199] Attempt to get parsing info during refresh. "On-the-fly" syntax checking information may be incorrect. [C:\Users\lucas\Documents\GitHub\KBS-DOOM\KBS-DOOM\KBS-DOOM.srcs\sources_1\new\PS2Reciever.v:]
WARNING: [filemgmt 56-199] Attempt to get parsing info during refresh. "On-the-fly" syntax checking information may be incorrect. [C:\Users\lucas\Documents\GitHub\KBS-DOOM\KBS-DOOM\KBS-DOOM.srcs\sources_1\new\PS2Reciever.v:]
WARNING: [filemgmt 56-199] Attempt to get parsing info during refresh. "On-the-fly" syntax checking information may be incorrect. [C:\Users\lucas\Documents\GitHub\KBS-DOOM\KBS-DOOM\KBS-DOOM.srcs\sources_1\new\PS2Reciever.v:]
WARNING: [filemgmt 56-199] Attempt to get parsing info during refresh. "On-the-fly" syntax checking information may be incorrect. [C:\Users\lucas\Documents\GitHub\KBS-DOOM\KBS-DOOM\KBS-DOOM.srcs\sources_1\new\PS2Sync.v:]
WARNING: [filemgmt 56-199] Attempt to get parsing info during refresh. "On-the-fly" syntax checking information may be incorrect. [C:\Users\lucas\Documents\GitHub\KBS-DOOM\KBS-DOOM\KBS-DOOM.srcs\sources_1\new\PS2Sync.vhd:]
WARNING: [filemgmt 56-199] Attempt to get parsing info during refresh. "On-the-fly" syntax checking information may be incorrect. [C:\Users\lucas\Documents\GitHub\KBS-DOOM\KBS-DOOM\KBS-DOOM.srcs\sources_1\new\PS2Reciever.v:]
WARNING: [filemgmt 56-199] Attempt to get parsing info during refresh. "On-the-fly" syntax checking information may be incorrect. [C:\Users\lucas\Documents\GitHub\KBS-DOOM\KBS-DOOM\KBS-DOOM.srcs\sources_1\new\PS2Reciever.v:]
open_hw_manager
connect_hw_server -allow_non_jtag
INFO: [Labtools 27-2285] Connecting to hw_server url TCP:localhost:3121
INFO: [Labtools 27-2222] Launching hw_server...
INFO: [Labtools 27-2221] Launch Output:

****** Xilinx hw_server v2025.1
  **** Build date : May  6 2025 at 09:15:36
    ** Copyright 1986-2022 Xilinx, Inc. All Rights Reserved.


INFO: [Labtools 27-3415] Connecting to cs_server url TCP:localhost:0
INFO: [Labtools 27-3417] Launching cs_server...
INFO: [Labtools 27-2221] Launch Output:


******** Xilinx cs_server v2025.1.0
  ****** Build date   : May 13 2025-21:15:27
    **** Build number : 2025.1.1747163727
      ** Copyright 2017-2022 Xilinx, Inc. All Rights Reserved.
      ** Copyright 2022-2025 Advanced Micro Devices, Inc. All Rights Reserved.



connect_hw_server: Time (s): cpu = 00:00:01 ; elapsed = 00:00:10 . Memory (MB): peak = 2269.996 ; gain = 11.348
open_hw_target
INFO: [Labtoolstcl 44-466] Opening hw_target localhost:3121/xilinx_tcf/Digilent/210292BB36B1A
set_property PROGRAM.FILE {C:/Users/lucas/Documents/GitHub/KBS-DOOM/KBS-DOOM/KBS-DOOM.runs/impl_1/system_wrapper.bit} [get_hw_devices xc7a100t_0]
current_hw_device [get_hw_devices xc7a100t_0]
refresh_hw_device -update_hw_probes false [lindex [get_hw_devices xc7a100t_0] 0]
INFO: [Labtools 27-1434] Device xc7a100t (JTAG device index = 0) is programmed with a design that has no supported debug core(s) in it.
set_property PROBES.FILE {} [get_hw_devices xc7a100t_0]
set_property FULL_PROBES.FILE {} [get_hw_devices xc7a100t_0]
set_property PROGRAM.FILE {C:/Users/lucas/Documents/GitHub/KBS-DOOM/KBS-DOOM/KBS-DOOM.runs/impl_1/system_wrapper.bit} [get_hw_devices xc7a100t_0]
program_hw_devices [get_hw_devices xc7a100t_0]
INFO: [Labtools 27-3164] End of startup status: HIGH
refresh_hw_device [lindex [get_hw_devices xc7a100t_0] 0]
INFO: [Labtools 27-1434] Device xc7a100t (JTAG device index = 0) is programmed with a design that has no supported debug core(s) in it.
