
*** Running vivado
    with args -log system_wrapper.vds -m64 -product Vivado -mode batch -messageDb vivado.pb -notrace -source system_wrapper.tcl



****** Vivado v2025.1 (64-bit)
  **** SW Build 6140274 on Thu May 22 00:12:29 MDT 2025
  **** IP Build 6138677 on Thu May 22 03:10:11 MDT 2025
  **** SharedData Build 6139179 on Tue May 20 17:58:58 MDT 2025
  **** Start of session at: Thu Dec 11 09:43:43 2025
    ** Copyright 1986-2022 Xilinx, Inc. All Rights Reserved.
    ** Copyright 2022-2025 Advanced Micro Devices, Inc. All Rights Reserved.

source system_wrapper.tcl -notrace
create_project: Time (s): cpu = 00:00:11 ; elapsed = 00:00:08 . Memory (MB): peak = 491.414 ; gain = 210.922
INFO: [IP_Flow 19-234] Refreshing IP repositories
WARNING: [IP_Flow 19-3685] Ignored loading user repository 'c:/Users/lucas/Documents/GitHub/KBS-DOOM/IP'. The path is contained within another repository.
CRITICAL WARNING: [IP_Flow 19-11780] Skipping module reference component xilinx.com:module_ref:PS2Receiver:1.0 found in user repository c:/Users/lucas/Documents/GitHub/KBS-DOOM 
CRITICAL WARNING: [IP_Flow 19-11780] Skipping module reference component xilinx.com:module_ref:ps2_sync:1.0 found in user repository c:/Users/lucas/Documents/GitHub/KBS-DOOM 
CRITICAL WARNING: [IP_Flow 19-11780] Skipping module reference component xilinx.com:module_ref:vga_display:1.0 found in user repository c:/Users/lucas/Documents/GitHub/KBS-DOOM 
INFO: [IP_Flow 19-1700] Loaded user IP repository 'c:/Users/lucas/Documents/GitHub/KBS-DOOM'.
WARNING: [IP_Flow 19-3656] If you move the project, the path for repository 'c:/Users/lucas/Documents/GitHub/KBS-DOOM' may become invalid. A better location for the repository would be in a path adjacent to the project. (Current project location is 'c:/Users/lucas/Documents/GitHub/KBS-DOOM/KBS-DOOM/KBS-DOOM.runs/synth_1'.)
INFO: [IP_Flow 19-2313] Loaded Vivado IP repository 'C:/Xilinx/2025.1/Vivado/data/ip'.
INFO: [Project 1-5698] Found the below utility IPs instantiated in block design C:/Users/lucas/Documents/GitHub/KBS-DOOM/KBS-DOOM/KBS-DOOM.srcs/sources_1/bd/system/system.bd which have equivalent inline hdl with improved performance and reduced diskspace.
It is recommended to migrate these utility IPs to inline hdl  using the command upgrade_project -migrate_to_inline_hdl.  The utility IPs may be deprecated in future releases.
More information on inline hdl is available in UG994.
Utility IP Component Instances:
 system_xlconstant_0_0
system_util_vector_logic_0_0
add_files: Time (s): cpu = 00:00:04 ; elapsed = 00:00:05 . Memory (MB): peak = 564.855 ; gain = 66.246
Command: read_checkpoint -auto_incremental -incremental C:/Users/lucas/Documents/GitHub/KBS-DOOM/KBS-DOOM/KBS-DOOM.srcs/utils_1/imports/synth_1/system_wrapper.dcp
INFO: [Vivado 12-5825] Read reference checkpoint from C:/Users/lucas/Documents/GitHub/KBS-DOOM/KBS-DOOM/KBS-DOOM.srcs/utils_1/imports/synth_1/system_wrapper.dcp for incremental synthesis
INFO: [Vivado 12-7989] Please ensure there are no constraint changes
Command: synth_design -top system_wrapper -part xc7a100tcsg324-1 -flatten_hierarchy none -directive RuntimeOptimized -fsm_extraction off
Starting synth_design
Attempting to get a license for feature 'Synthesis' and/or device 'xc7a100t'
INFO: [Common 17-349] Got license for feature 'Synthesis' and/or device 'xc7a100t'
INFO: [Device 21-403] Loading part xc7a100tcsg324-1
INFO: [Designutils 20-5440] No compile time benefit to using incremental synthesis; A full resynthesis will be run
INFO: [Designutils 20-4379] Flow is switching to default flow due to incremental criteria not met. If you would like to alter this behaviour and have the flow terminate instead, please set the following parameter config_implementation {autoIncr.Synth.RejectBehavior Terminate}
INFO: [Synth 8-7079] Multithreading enabled for synth_design using a maximum of 2 processes.
INFO: [Synth 8-7078] Launching helper process for spawning children vivado processes
INFO: [Synth 8-7075] Helper process launched with PID 41612
---------------------------------------------------------------------------------
Starting RTL Elaboration : Time (s): cpu = 00:00:07 ; elapsed = 00:00:07 . Memory (MB): peak = 1261.750 ; gain = 494.625
---------------------------------------------------------------------------------
INFO: [Synth 8-638] synthesizing module 'system_wrapper' [C:/Users/lucas/Documents/GitHub/KBS-DOOM/KBS-DOOM/KBS-DOOM.gen/sources_1/bd/system/hdl/system_wrapper.vhd:50]
INFO: [Synth 8-3491] module 'system' declared at 'c:/Users/lucas/Documents/GitHub/KBS-DOOM/KBS-DOOM/KBS-DOOM.gen/sources_1/bd/system/synth/system.vhd:15' bound to instance 'system_i' of component 'system' [C:/Users/lucas/Documents/GitHub/KBS-DOOM/KBS-DOOM/KBS-DOOM.gen/sources_1/bd/system/hdl/system_wrapper.vhd:86]
INFO: [Synth 8-638] synthesizing module 'system' [c:/Users/lucas/Documents/GitHub/KBS-DOOM/KBS-DOOM/KBS-DOOM.gen/sources_1/bd/system/synth/system.vhd:54]
INFO: [Synth 8-3491] module 'system_PS2Receiver_0_0' declared at 'C:/Users/lucas/Documents/GitHub/KBS-DOOM/KBS-DOOM/KBS-DOOM.runs/synth_1/.Xil/Vivado-40400-LAPTOP-61978DQ3/realtime/system_PS2Receiver_0_0_stub.vhdl:6' bound to instance 'PS2Receiver_0' of component 'system_PS2Receiver_0_0' [c:/Users/lucas/Documents/GitHub/KBS-DOOM/KBS-DOOM/KBS-DOOM.gen/sources_1/bd/system/synth/system.vhd:874]
INFO: [Synth 8-638] synthesizing module 'system_PS2Receiver_0_0' [C:/Users/lucas/Documents/GitHub/KBS-DOOM/KBS-DOOM/KBS-DOOM.runs/synth_1/.Xil/Vivado-40400-LAPTOP-61978DQ3/realtime/system_PS2Receiver_0_0_stub.vhdl:24]
INFO: [Synth 8-3491] module 'system_axi_bram_ctrl_0_0' declared at 'C:/Users/lucas/Documents/GitHub/KBS-DOOM/KBS-DOOM/KBS-DOOM.runs/synth_1/.Xil/Vivado-40400-LAPTOP-61978DQ3/realtime/system_axi_bram_ctrl_0_0_stub.vhdl:6' bound to instance 'axi_bram_ctrl_0' of component 'system_axi_bram_ctrl_0_0' [c:/Users/lucas/Documents/GitHub/KBS-DOOM/KBS-DOOM/KBS-DOOM.gen/sources_1/bd/system/synth/system.vhd:881]
INFO: [Synth 8-638] synthesizing module 'system_axi_bram_ctrl_0_0' [C:/Users/lucas/Documents/GitHub/KBS-DOOM/KBS-DOOM/KBS-DOOM.runs/synth_1/.Xil/Vivado-40400-LAPTOP-61978DQ3/realtime/system_axi_bram_ctrl_0_0_stub.vhdl:58]
INFO: [Synth 8-3491] module 'system_axi_bram_ctrl_1_0' declared at 'C:/Users/lucas/Documents/GitHub/KBS-DOOM/KBS-DOOM/KBS-DOOM.runs/synth_1/.Xil/Vivado-40400-LAPTOP-61978DQ3/realtime/system_axi_bram_ctrl_1_0_stub.vhdl:6' bound to instance 'axi_bram_ctrl_1' of component 'system_axi_bram_ctrl_1_0' [c:/Users/lucas/Documents/GitHub/KBS-DOOM/KBS-DOOM/KBS-DOOM.gen/sources_1/bd/system/synth/system.vhd:924]
INFO: [Synth 8-638] synthesizing module 'system_axi_bram_ctrl_1_0' [C:/Users/lucas/Documents/GitHub/KBS-DOOM/KBS-DOOM/KBS-DOOM.runs/synth_1/.Xil/Vivado-40400-LAPTOP-61978DQ3/realtime/system_axi_bram_ctrl_1_0_stub.vhdl:58]
INFO: [Synth 8-3491] module 'system_axi_bram_ctrl_2_0' declared at 'C:/Users/lucas/Documents/GitHub/KBS-DOOM/KBS-DOOM/KBS-DOOM.runs/synth_1/.Xil/Vivado-40400-LAPTOP-61978DQ3/realtime/system_axi_bram_ctrl_2_0_stub.vhdl:6' bound to instance 'axi_bram_ctrl_2' of component 'system_axi_bram_ctrl_2_0' [c:/Users/lucas/Documents/GitHub/KBS-DOOM/KBS-DOOM/KBS-DOOM.gen/sources_1/bd/system/synth/system.vhd:967]
INFO: [Synth 8-638] synthesizing module 'system_axi_bram_ctrl_2_0' [C:/Users/lucas/Documents/GitHub/KBS-DOOM/KBS-DOOM/KBS-DOOM.runs/synth_1/.Xil/Vivado-40400-LAPTOP-61978DQ3/realtime/system_axi_bram_ctrl_2_0_stub.vhdl:58]
INFO: [Synth 8-3491] module 'system_axis_data_fifo_0_0' declared at 'C:/Users/lucas/Documents/GitHub/KBS-DOOM/KBS-DOOM/KBS-DOOM.runs/synth_1/.Xil/Vivado-40400-LAPTOP-61978DQ3/realtime/system_axis_data_fifo_0_0_stub.vhdl:6' bound to instance 'axis_data_fifo_0' of component 'system_axis_data_fifo_0_0' [c:/Users/lucas/Documents/GitHub/KBS-DOOM/KBS-DOOM/KBS-DOOM.gen/sources_1/bd/system/synth/system.vhd:1010]
INFO: [Synth 8-638] synthesizing module 'system_axis_data_fifo_0_0' [C:/Users/lucas/Documents/GitHub/KBS-DOOM/KBS-DOOM/KBS-DOOM.runs/synth_1/.Xil/Vivado-40400-LAPTOP-61978DQ3/realtime/system_axis_data_fifo_0_0_stub.vhdl:30]
INFO: [Synth 8-3491] module 'system_blk_mem_gen_0_0' declared at 'C:/Users/lucas/Documents/GitHub/KBS-DOOM/KBS-DOOM/KBS-DOOM.runs/synth_1/.Xil/Vivado-40400-LAPTOP-61978DQ3/realtime/system_blk_mem_gen_0_0_stub.vhdl:6' bound to instance 'blk_mem_gen_0' of component 'system_blk_mem_gen_0_0' [c:/Users/lucas/Documents/GitHub/KBS-DOOM/KBS-DOOM/KBS-DOOM.gen/sources_1/bd/system/synth/system.vhd:1025]
INFO: [Synth 8-638] synthesizing module 'system_blk_mem_gen_0_0' [C:/Users/lucas/Documents/GitHub/KBS-DOOM/KBS-DOOM/KBS-DOOM.runs/synth_1/.Xil/Vivado-40400-LAPTOP-61978DQ3/realtime/system_blk_mem_gen_0_0_stub.vhdl:34]
INFO: [Synth 8-3491] module 'system_blk_mem_gen_1_0' declared at 'C:/Users/lucas/Documents/GitHub/KBS-DOOM/KBS-DOOM/KBS-DOOM.runs/synth_1/.Xil/Vivado-40400-LAPTOP-61978DQ3/realtime/system_blk_mem_gen_1_0_stub.vhdl:6' bound to instance 'blk_mem_gen_1' of component 'system_blk_mem_gen_1_0' [c:/Users/lucas/Documents/GitHub/KBS-DOOM/KBS-DOOM/KBS-DOOM.gen/sources_1/bd/system/synth/system.vhd:1045]
INFO: [Synth 8-638] synthesizing module 'system_blk_mem_gen_1_0' [C:/Users/lucas/Documents/GitHub/KBS-DOOM/KBS-DOOM/KBS-DOOM.runs/synth_1/.Xil/Vivado-40400-LAPTOP-61978DQ3/realtime/system_blk_mem_gen_1_0_stub.vhdl:34]
INFO: [Synth 8-3491] module 'system_blk_mem_gen_2_0' declared at 'C:/Users/lucas/Documents/GitHub/KBS-DOOM/KBS-DOOM/KBS-DOOM.runs/synth_1/.Xil/Vivado-40400-LAPTOP-61978DQ3/realtime/system_blk_mem_gen_2_0_stub.vhdl:6' bound to instance 'blk_mem_gen_2' of component 'system_blk_mem_gen_2_0' [c:/Users/lucas/Documents/GitHub/KBS-DOOM/KBS-DOOM/KBS-DOOM.gen/sources_1/bd/system/synth/system.vhd:1065]
INFO: [Synth 8-638] synthesizing module 'system_blk_mem_gen_2_0' [C:/Users/lucas/Documents/GitHub/KBS-DOOM/KBS-DOOM/KBS-DOOM.runs/synth_1/.Xil/Vivado-40400-LAPTOP-61978DQ3/realtime/system_blk_mem_gen_2_0_stub.vhdl:26]
INFO: [Synth 8-3491] module 'system_clk_wiz_0_0' declared at 'C:/Users/lucas/Documents/GitHub/KBS-DOOM/KBS-DOOM/KBS-DOOM.runs/synth_1/.Xil/Vivado-40400-LAPTOP-61978DQ3/realtime/system_clk_wiz_0_0_stub.vhdl:6' bound to instance 'clk_wiz_0' of component 'system_clk_wiz_0_0' [c:/Users/lucas/Documents/GitHub/KBS-DOOM/KBS-DOOM/KBS-DOOM.gen/sources_1/bd/system/synth/system.vhd:1077]
INFO: [Synth 8-638] synthesizing module 'system_clk_wiz_0_0' [C:/Users/lucas/Documents/GitHub/KBS-DOOM/KBS-DOOM/KBS-DOOM.runs/synth_1/.Xil/Vivado-40400-LAPTOP-61978DQ3/realtime/system_clk_wiz_0_0_stub.vhdl:19]
WARNING: [Synth 8-5640] Port 'app_sr_active' is missing in component declaration [c:/Users/lucas/Documents/GitHub/KBS-DOOM/KBS-DOOM/KBS-DOOM.gen/sources_1/bd/system/synth/system.vhd:454]
WARNING: [Synth 8-5640] Port 'app_ref_ack' is missing in component declaration [c:/Users/lucas/Documents/GitHub/KBS-DOOM/KBS-DOOM/KBS-DOOM.gen/sources_1/bd/system/synth/system.vhd:454]
WARNING: [Synth 8-5640] Port 'app_zq_ack' is missing in component declaration [c:/Users/lucas/Documents/GitHub/KBS-DOOM/KBS-DOOM/KBS-DOOM.gen/sources_1/bd/system/synth/system.vhd:454]
INFO: [Synth 8-3491] module 'system_mig_7series_0_0' declared at 'C:/Users/lucas/Documents/GitHub/KBS-DOOM/KBS-DOOM/KBS-DOOM.runs/synth_1/.Xil/Vivado-40400-LAPTOP-61978DQ3/realtime/system_mig_7series_0_0_stub.vhdl:6' bound to instance 'mig_7series_0' of component 'system_mig_7series_0_0' [c:/Users/lucas/Documents/GitHub/KBS-DOOM/KBS-DOOM/KBS-DOOM.gen/sources_1/bd/system/synth/system.vhd:1086]
INFO: [Synth 8-638] synthesizing module 'system_mig_7series_0_0' [C:/Users/lucas/Documents/GitHub/KBS-DOOM/KBS-DOOM/KBS-DOOM.runs/synth_1/.Xil/Vivado-40400-LAPTOP-61978DQ3/realtime/system_mig_7series_0_0_stub.vhdl:74]
INFO: [Synth 8-3491] module 'system_neorv32_vivado_ip_0_0' declared at 'C:/Users/lucas/Documents/GitHub/KBS-DOOM/KBS-DOOM/KBS-DOOM.runs/synth_1/.Xil/Vivado-40400-LAPTOP-61978DQ3/realtime/system_neorv32_vivado_ip_0_0_stub.vhdl:6' bound to instance 'neorv32_vivado_ip_0' of component 'system_neorv32_vivado_ip_0_0' [c:/Users/lucas/Documents/GitHub/KBS-DOOM/KBS-DOOM/KBS-DOOM.gen/sources_1/bd/system/synth/system.vhd:1148]
INFO: [Synth 8-638] synthesizing module 'system_neorv32_vivado_ip_0_0' [C:/Users/lucas/Documents/GitHub/KBS-DOOM/KBS-DOOM/KBS-DOOM.runs/synth_1/.Xil/Vivado-40400-LAPTOP-61978DQ3/realtime/system_neorv32_vivado_ip_0_0_stub.vhdl:72]
INFO: [Synth 8-3491] module 'system_proc_sys_reset_0_0' declared at 'C:/Users/lucas/Documents/GitHub/KBS-DOOM/KBS-DOOM/KBS-DOOM.runs/synth_1/.Xil/Vivado-40400-LAPTOP-61978DQ3/realtime/system_proc_sys_reset_0_0_stub.vhdl:6' bound to instance 'proc_sys_reset_0' of component 'system_proc_sys_reset_0_0' [c:/Users/lucas/Documents/GitHub/KBS-DOOM/KBS-DOOM/KBS-DOOM.gen/sources_1/bd/system/synth/system.vhd:1205]
INFO: [Synth 8-638] synthesizing module 'system_proc_sys_reset_0_0' [C:/Users/lucas/Documents/GitHub/KBS-DOOM/KBS-DOOM/KBS-DOOM.runs/synth_1/.Xil/Vivado-40400-LAPTOP-61978DQ3/realtime/system_proc_sys_reset_0_0_stub.vhdl:28]
INFO: [Synth 8-3491] module 'system_ps2_sync_0_0' declared at 'C:/Users/lucas/Documents/GitHub/KBS-DOOM/KBS-DOOM/KBS-DOOM.runs/synth_1/.Xil/Vivado-40400-LAPTOP-61978DQ3/realtime/system_ps2_sync_0_0_stub.vhdl:6' bound to instance 'ps2_sync_0' of component 'system_ps2_sync_0_0' [c:/Users/lucas/Documents/GitHub/KBS-DOOM/KBS-DOOM/KBS-DOOM.gen/sources_1/bd/system/synth/system.vhd:1218]
INFO: [Synth 8-638] synthesizing module 'system_ps2_sync_0_0' [C:/Users/lucas/Documents/GitHub/KBS-DOOM/KBS-DOOM/KBS-DOOM.runs/synth_1/.Xil/Vivado-40400-LAPTOP-61978DQ3/realtime/system_ps2_sync_0_0_stub.vhdl:25]
INFO: [Synth 8-3491] module 'system_smartconnect_0_1' declared at 'C:/Users/lucas/Documents/GitHub/KBS-DOOM/KBS-DOOM/KBS-DOOM.runs/synth_1/.Xil/Vivado-40400-LAPTOP-61978DQ3/realtime/system_smartconnect_0_1_stub.vhdl:6' bound to instance 'smartconnect_0' of component 'system_smartconnect_0_1' [c:/Users/lucas/Documents/GitHub/KBS-DOOM/KBS-DOOM/KBS-DOOM.gen/sources_1/bd/system/synth/system.vhd:1226]
INFO: [Synth 8-638] synthesizing module 'system_smartconnect_0_1' [C:/Users/lucas/Documents/GitHub/KBS-DOOM/KBS-DOOM/KBS-DOOM.runs/synth_1/.Xil/Vivado-40400-LAPTOP-61978DQ3/realtime/system_smartconnect_0_1_stub.vhdl:186]
INFO: [Synth 8-3491] module 'system_util_ds_buf_0_0' declared at 'C:/Users/lucas/Documents/GitHub/KBS-DOOM/KBS-DOOM/KBS-DOOM.runs/synth_1/.Xil/Vivado-40400-LAPTOP-61978DQ3/realtime/system_util_ds_buf_0_0_stub.vhdl:6' bound to instance 'util_ds_buf_0' of component 'system_util_ds_buf_0_0' [c:/Users/lucas/Documents/GitHub/KBS-DOOM/KBS-DOOM/KBS-DOOM.gen/sources_1/bd/system/synth/system.vhd:1397]
INFO: [Synth 8-638] synthesizing module 'system_util_ds_buf_0_0' [C:/Users/lucas/Documents/GitHub/KBS-DOOM/KBS-DOOM/KBS-DOOM.runs/synth_1/.Xil/Vivado-40400-LAPTOP-61978DQ3/realtime/system_util_ds_buf_0_0_stub.vhdl:20]
INFO: [Synth 8-3491] module 'system_util_vector_logic_0_0' declared at 'C:/Users/lucas/Documents/GitHub/KBS-DOOM/KBS-DOOM/KBS-DOOM.runs/synth_1/.Xil/Vivado-40400-LAPTOP-61978DQ3/realtime/system_util_vector_logic_0_0_stub.vhdl:6' bound to instance 'util_vector_logic_0' of component 'system_util_vector_logic_0_0' [c:/Users/lucas/Documents/GitHub/KBS-DOOM/KBS-DOOM/KBS-DOOM.gen/sources_1/bd/system/synth/system.vhd:1402]
INFO: [Synth 8-638] synthesizing module 'system_util_vector_logic_0_0' [C:/Users/lucas/Documents/GitHub/KBS-DOOM/KBS-DOOM/KBS-DOOM.runs/synth_1/.Xil/Vivado-40400-LAPTOP-61978DQ3/realtime/system_util_vector_logic_0_0_stub.vhdl:20]
INFO: [Synth 8-3491] module 'system_vga_display_0_0' declared at 'C:/Users/lucas/Documents/GitHub/KBS-DOOM/KBS-DOOM/KBS-DOOM.runs/synth_1/.Xil/Vivado-40400-LAPTOP-61978DQ3/realtime/system_vga_display_0_0_stub.vhdl:6' bound to instance 'vga_display_0' of component 'system_vga_display_0_0' [c:/Users/lucas/Documents/GitHub/KBS-DOOM/KBS-DOOM/KBS-DOOM.gen/sources_1/bd/system/synth/system.vhd:1407]
INFO: [Synth 8-638] synthesizing module 'system_vga_display_0_0' [C:/Users/lucas/Documents/GitHub/KBS-DOOM/KBS-DOOM/KBS-DOOM.runs/synth_1/.Xil/Vivado-40400-LAPTOP-61978DQ3/realtime/system_vga_display_0_0_stub.vhdl:34]
INFO: [Synth 8-3491] module 'system_xlconstant_0_0' declared at 'c:/Users/lucas/Documents/GitHub/KBS-DOOM/KBS-DOOM/KBS-DOOM.gen/sources_1/bd/system/ip/system_xlconstant_0_0/synth/system_xlconstant_0_0.v:53' bound to instance 'xlconstant_0' of component 'system_xlconstant_0_0' [c:/Users/lucas/Documents/GitHub/KBS-DOOM/KBS-DOOM/KBS-DOOM.gen/sources_1/bd/system/synth/system.vhd:1424]
INFO: [Synth 8-6157] synthesizing module 'system_xlconstant_0_0' [c:/Users/lucas/Documents/GitHub/KBS-DOOM/KBS-DOOM/KBS-DOOM.gen/sources_1/bd/system/ip/system_xlconstant_0_0/synth/system_xlconstant_0_0.v:53]
INFO: [Synth 8-6157] synthesizing module 'xlconstant_v1_1_10_xlconstant' [c:/Users/lucas/Documents/GitHub/KBS-DOOM/KBS-DOOM/KBS-DOOM.gen/sources_1/bd/system/ipshared/a165/hdl/xlconstant_v1_1_vl_rfs.v:68]
INFO: [Synth 8-6155] done synthesizing module 'xlconstant_v1_1_10_xlconstant' (0#1) [c:/Users/lucas/Documents/GitHub/KBS-DOOM/KBS-DOOM/KBS-DOOM.gen/sources_1/bd/system/ipshared/a165/hdl/xlconstant_v1_1_vl_rfs.v:68]
INFO: [Synth 8-6155] done synthesizing module 'system_xlconstant_0_0' (0#1) [c:/Users/lucas/Documents/GitHub/KBS-DOOM/KBS-DOOM/KBS-DOOM.gen/sources_1/bd/system/ip/system_xlconstant_0_0/synth/system_xlconstant_0_0.v:53]
INFO: [Synth 8-256] done synthesizing module 'system' (0#1) [c:/Users/lucas/Documents/GitHub/KBS-DOOM/KBS-DOOM/KBS-DOOM.gen/sources_1/bd/system/synth/system.vhd:54]
INFO: [Synth 8-256] done synthesizing module 'system_wrapper' (0#1) [C:/Users/lucas/Documents/GitHub/KBS-DOOM/KBS-DOOM/KBS-DOOM.gen/sources_1/bd/system/hdl/system_wrapper.vhd:50]
---------------------------------------------------------------------------------
Finished RTL Elaboration : Time (s): cpu = 00:00:09 ; elapsed = 00:00:10 . Memory (MB): peak = 1380.652 ; gain = 613.527
---------------------------------------------------------------------------------
---------------------------------------------------------------------------------
Start Handling Custom Attributes
---------------------------------------------------------------------------------
---------------------------------------------------------------------------------
Finished Handling Custom Attributes : Time (s): cpu = 00:00:09 ; elapsed = 00:00:10 . Memory (MB): peak = 1380.652 ; gain = 613.527
---------------------------------------------------------------------------------
---------------------------------------------------------------------------------
Finished RTL Optimization Phase 1 : Time (s): cpu = 00:00:09 ; elapsed = 00:00:10 . Memory (MB): peak = 1380.652 ; gain = 613.527
---------------------------------------------------------------------------------
Netlist sorting complete. Time (s): cpu = 00:00:00 ; elapsed = 00:00:00.019 . Memory (MB): peak = 1380.652 ; gain = 0.000
INFO: [Project 1-570] Preparing netlist for logic optimization

Processing XDC Constraints
Initializing timing engine
Parsing XDC File [c:/Users/lucas/Documents/GitHub/KBS-DOOM/KBS-DOOM/KBS-DOOM.gen/sources_1/bd/system/ip/system_neorv32_vivado_ip_0_0/system_neorv32_vivado_ip_0_0/system_neorv32_vivado_ip_0_0_in_context.xdc] for cell 'system_i/neorv32_vivado_ip_0'
Finished Parsing XDC File [c:/Users/lucas/Documents/GitHub/KBS-DOOM/KBS-DOOM/KBS-DOOM.gen/sources_1/bd/system/ip/system_neorv32_vivado_ip_0_0/system_neorv32_vivado_ip_0_0/system_neorv32_vivado_ip_0_0_in_context.xdc] for cell 'system_i/neorv32_vivado_ip_0'
Parsing XDC File [c:/Users/lucas/Documents/GitHub/KBS-DOOM/KBS-DOOM/KBS-DOOM.gen/sources_1/bd/system/ip/system_axis_data_fifo_0_0/system_axis_data_fifo_0_0/system_axis_data_fifo_0_0_in_context.xdc] for cell 'system_i/axis_data_fifo_0'
Finished Parsing XDC File [c:/Users/lucas/Documents/GitHub/KBS-DOOM/KBS-DOOM/KBS-DOOM.gen/sources_1/bd/system/ip/system_axis_data_fifo_0_0/system_axis_data_fifo_0_0/system_axis_data_fifo_0_0_in_context.xdc] for cell 'system_i/axis_data_fifo_0'
Parsing XDC File [c:/Users/lucas/Documents/GitHub/KBS-DOOM/KBS-DOOM/KBS-DOOM.gen/sources_1/bd/system/ip/system_smartconnect_0_1/system_smartconnect_0_1/system_smartconnect_0_1_in_context.xdc] for cell 'system_i/smartconnect_0'
Finished Parsing XDC File [c:/Users/lucas/Documents/GitHub/KBS-DOOM/KBS-DOOM/KBS-DOOM.gen/sources_1/bd/system/ip/system_smartconnect_0_1/system_smartconnect_0_1/system_smartconnect_0_1_in_context.xdc] for cell 'system_i/smartconnect_0'
Parsing XDC File [c:/Users/lucas/Documents/GitHub/KBS-DOOM/KBS-DOOM/KBS-DOOM.gen/sources_1/bd/system/ip/system_axi_bram_ctrl_0_0/system_axi_bram_ctrl_0_0/system_axi_bram_ctrl_0_0_in_context.xdc] for cell 'system_i/axi_bram_ctrl_0'
Finished Parsing XDC File [c:/Users/lucas/Documents/GitHub/KBS-DOOM/KBS-DOOM/KBS-DOOM.gen/sources_1/bd/system/ip/system_axi_bram_ctrl_0_0/system_axi_bram_ctrl_0_0/system_axi_bram_ctrl_0_0_in_context.xdc] for cell 'system_i/axi_bram_ctrl_0'
Parsing XDC File [c:/Users/lucas/Documents/GitHub/KBS-DOOM/KBS-DOOM/KBS-DOOM.gen/sources_1/bd/system/ip/system_blk_mem_gen_0_0/system_blk_mem_gen_0_0/system_blk_mem_gen_0_0_in_context.xdc] for cell 'system_i/blk_mem_gen_0'
Finished Parsing XDC File [c:/Users/lucas/Documents/GitHub/KBS-DOOM/KBS-DOOM/KBS-DOOM.gen/sources_1/bd/system/ip/system_blk_mem_gen_0_0/system_blk_mem_gen_0_0/system_blk_mem_gen_0_0_in_context.xdc] for cell 'system_i/blk_mem_gen_0'
Parsing XDC File [c:/Users/lucas/Documents/GitHub/KBS-DOOM/KBS-DOOM/KBS-DOOM.gen/sources_1/bd/system/ip/system_axi_bram_ctrl_1_0/system_axi_bram_ctrl_1_0/system_axi_bram_ctrl_2_0_in_context.xdc] for cell 'system_i/axi_bram_ctrl_1'
Finished Parsing XDC File [c:/Users/lucas/Documents/GitHub/KBS-DOOM/KBS-DOOM/KBS-DOOM.gen/sources_1/bd/system/ip/system_axi_bram_ctrl_1_0/system_axi_bram_ctrl_1_0/system_axi_bram_ctrl_2_0_in_context.xdc] for cell 'system_i/axi_bram_ctrl_1'
Parsing XDC File [c:/Users/lucas/Documents/GitHub/KBS-DOOM/KBS-DOOM/KBS-DOOM.gen/sources_1/bd/system/ip/system_blk_mem_gen_1_0/system_blk_mem_gen_1_0/system_blk_mem_gen_2_0_in_context.xdc] for cell 'system_i/blk_mem_gen_1'
Finished Parsing XDC File [c:/Users/lucas/Documents/GitHub/KBS-DOOM/KBS-DOOM/KBS-DOOM.gen/sources_1/bd/system/ip/system_blk_mem_gen_1_0/system_blk_mem_gen_1_0/system_blk_mem_gen_2_0_in_context.xdc] for cell 'system_i/blk_mem_gen_1'
Parsing XDC File [c:/Users/lucas/Documents/GitHub/KBS-DOOM/KBS-DOOM/KBS-DOOM.gen/sources_1/bd/system/ip/system_proc_sys_reset_0_0/system_proc_sys_reset_0_0/system_proc_sys_reset_0_0_in_context.xdc] for cell 'system_i/proc_sys_reset_0'
Finished Parsing XDC File [c:/Users/lucas/Documents/GitHub/KBS-DOOM/KBS-DOOM/KBS-DOOM.gen/sources_1/bd/system/ip/system_proc_sys_reset_0_0/system_proc_sys_reset_0_0/system_proc_sys_reset_0_0_in_context.xdc] for cell 'system_i/proc_sys_reset_0'
Parsing XDC File [c:/Users/lucas/Documents/GitHub/KBS-DOOM/KBS-DOOM/KBS-DOOM.gen/sources_1/bd/system/ip/system_util_ds_buf_0_0/system_util_ds_buf_0_0/system_util_ds_buf_0_0_in_context.xdc] for cell 'system_i/util_ds_buf_0'
Finished Parsing XDC File [c:/Users/lucas/Documents/GitHub/KBS-DOOM/KBS-DOOM/KBS-DOOM.gen/sources_1/bd/system/ip/system_util_ds_buf_0_0/system_util_ds_buf_0_0/system_util_ds_buf_0_0_in_context.xdc] for cell 'system_i/util_ds_buf_0'
Parsing XDC File [c:/Users/lucas/Documents/GitHub/KBS-DOOM/KBS-DOOM/KBS-DOOM.gen/sources_1/bd/system/ip/system_mig_7series_0_0/system_mig_7series_0_0/system_mig_7series_0_0_in_context.xdc] for cell 'system_i/mig_7series_0'
Finished Parsing XDC File [c:/Users/lucas/Documents/GitHub/KBS-DOOM/KBS-DOOM/KBS-DOOM.gen/sources_1/bd/system/ip/system_mig_7series_0_0/system_mig_7series_0_0/system_mig_7series_0_0_in_context.xdc] for cell 'system_i/mig_7series_0'
Parsing XDC File [c:/Users/lucas/Documents/GitHub/KBS-DOOM/KBS-DOOM/KBS-DOOM.gen/sources_1/bd/system/ip/system_clk_wiz_0_0/system_clk_wiz_0_0/system_clk_wiz_0_0_in_context.xdc] for cell 'system_i/clk_wiz_0'
Finished Parsing XDC File [c:/Users/lucas/Documents/GitHub/KBS-DOOM/KBS-DOOM/KBS-DOOM.gen/sources_1/bd/system/ip/system_clk_wiz_0_0/system_clk_wiz_0_0/system_clk_wiz_0_0_in_context.xdc] for cell 'system_i/clk_wiz_0'
Parsing XDC File [c:/Users/lucas/Documents/GitHub/KBS-DOOM/KBS-DOOM/KBS-DOOM.gen/sources_1/bd/system/ip/system_util_vector_logic_0_0/system_util_vector_logic_0_0/system_util_vector_logic_0_0_in_context.xdc] for cell 'system_i/util_vector_logic_0'
Finished Parsing XDC File [c:/Users/lucas/Documents/GitHub/KBS-DOOM/KBS-DOOM/KBS-DOOM.gen/sources_1/bd/system/ip/system_util_vector_logic_0_0/system_util_vector_logic_0_0/system_util_vector_logic_0_0_in_context.xdc] for cell 'system_i/util_vector_logic_0'
Parsing XDC File [c:/Users/lucas/Documents/GitHub/KBS-DOOM/KBS-DOOM/KBS-DOOM.gen/sources_1/bd/system/ip/system_vga_display_0_0/system_vga_display_0_0/system_vga_display_0_0_in_context.xdc] for cell 'system_i/vga_display_0'
Finished Parsing XDC File [c:/Users/lucas/Documents/GitHub/KBS-DOOM/KBS-DOOM/KBS-DOOM.gen/sources_1/bd/system/ip/system_vga_display_0_0/system_vga_display_0_0/system_vga_display_0_0_in_context.xdc] for cell 'system_i/vga_display_0'
Parsing XDC File [c:/Users/lucas/Documents/GitHub/KBS-DOOM/KBS-DOOM/KBS-DOOM.gen/sources_1/bd/system/ip/system_axi_bram_ctrl_2_0/system_axi_bram_ctrl_2_0/system_axi_bram_ctrl_1_0_in_context.xdc] for cell 'system_i/axi_bram_ctrl_2'
Finished Parsing XDC File [c:/Users/lucas/Documents/GitHub/KBS-DOOM/KBS-DOOM/KBS-DOOM.gen/sources_1/bd/system/ip/system_axi_bram_ctrl_2_0/system_axi_bram_ctrl_2_0/system_axi_bram_ctrl_1_0_in_context.xdc] for cell 'system_i/axi_bram_ctrl_2'
Parsing XDC File [c:/Users/lucas/Documents/GitHub/KBS-DOOM/KBS-DOOM/KBS-DOOM.gen/sources_1/bd/system/ip/system_blk_mem_gen_2_0/system_blk_mem_gen_2_0/system_blk_mem_gen_0_0_in_context.xdc] for cell 'system_i/blk_mem_gen_2'
Finished Parsing XDC File [c:/Users/lucas/Documents/GitHub/KBS-DOOM/KBS-DOOM/KBS-DOOM.gen/sources_1/bd/system/ip/system_blk_mem_gen_2_0/system_blk_mem_gen_2_0/system_blk_mem_gen_0_0_in_context.xdc] for cell 'system_i/blk_mem_gen_2'
Parsing XDC File [c:/Users/lucas/Documents/GitHub/KBS-DOOM/KBS-DOOM/KBS-DOOM.gen/sources_1/bd/system/ip/system_PS2Receiver_0_0/system_PS2Receiver_0_0/system_PS2Receiver_0_0_in_context.xdc] for cell 'system_i/PS2Receiver_0'
Finished Parsing XDC File [c:/Users/lucas/Documents/GitHub/KBS-DOOM/KBS-DOOM/KBS-DOOM.gen/sources_1/bd/system/ip/system_PS2Receiver_0_0/system_PS2Receiver_0_0/system_PS2Receiver_0_0_in_context.xdc] for cell 'system_i/PS2Receiver_0'
Parsing XDC File [c:/Users/lucas/Documents/GitHub/KBS-DOOM/KBS-DOOM/KBS-DOOM.gen/sources_1/bd/system/ip/system_ps2_sync_0_0/system_ps2_sync_0_0/system_ps2_sync_0_0_in_context.xdc] for cell 'system_i/ps2_sync_0'
Finished Parsing XDC File [c:/Users/lucas/Documents/GitHub/KBS-DOOM/KBS-DOOM/KBS-DOOM.gen/sources_1/bd/system/ip/system_ps2_sync_0_0/system_ps2_sync_0_0/system_ps2_sync_0_0_in_context.xdc] for cell 'system_i/ps2_sync_0'
Parsing XDC File [C:/Users/lucas/Documents/GitHub/KBS-DOOM/KBS-DOOM/KBS-DOOM.srcs/constrs_1/imports/Downloads/Nexys-A7-100T-Master.xdc]
WARNING: [Vivado 12-584] No ports matched 'SW[0]'. [C:/Users/lucas/Documents/GitHub/KBS-DOOM/KBS-DOOM/KBS-DOOM.srcs/constrs_1/imports/Downloads/Nexys-A7-100T-Master.xdc:31]
WARNING: [Vivado 12-584] No ports matched 'SW[1]'. [C:/Users/lucas/Documents/GitHub/KBS-DOOM/KBS-DOOM/KBS-DOOM.srcs/constrs_1/imports/Downloads/Nexys-A7-100T-Master.xdc:32]
WARNING: [Vivado 12-584] No ports matched 'SW[2]'. [C:/Users/lucas/Documents/GitHub/KBS-DOOM/KBS-DOOM/KBS-DOOM.srcs/constrs_1/imports/Downloads/Nexys-A7-100T-Master.xdc:33]
WARNING: [Vivado 12-584] No ports matched 'SW[3]'. [C:/Users/lucas/Documents/GitHub/KBS-DOOM/KBS-DOOM/KBS-DOOM.srcs/constrs_1/imports/Downloads/Nexys-A7-100T-Master.xdc:34]
WARNING: [Vivado 12-584] No ports matched 'SW[4]'. [C:/Users/lucas/Documents/GitHub/KBS-DOOM/KBS-DOOM/KBS-DOOM.srcs/constrs_1/imports/Downloads/Nexys-A7-100T-Master.xdc:35]
WARNING: [Vivado 12-584] No ports matched 'SW[5]'. [C:/Users/lucas/Documents/GitHub/KBS-DOOM/KBS-DOOM/KBS-DOOM.srcs/constrs_1/imports/Downloads/Nexys-A7-100T-Master.xdc:36]
WARNING: [Vivado 12-584] No ports matched 'SW[6]'. [C:/Users/lucas/Documents/GitHub/KBS-DOOM/KBS-DOOM/KBS-DOOM.srcs/constrs_1/imports/Downloads/Nexys-A7-100T-Master.xdc:37]
WARNING: [Vivado 12-584] No ports matched 'SW[7]'. [C:/Users/lucas/Documents/GitHub/KBS-DOOM/KBS-DOOM/KBS-DOOM.srcs/constrs_1/imports/Downloads/Nexys-A7-100T-Master.xdc:38]
WARNING: [Vivado 12-584] No ports matched 'SW[8]'. [C:/Users/lucas/Documents/GitHub/KBS-DOOM/KBS-DOOM/KBS-DOOM.srcs/constrs_1/imports/Downloads/Nexys-A7-100T-Master.xdc:39]
WARNING: [Vivado 12-584] No ports matched 'SW[9]'. [C:/Users/lucas/Documents/GitHub/KBS-DOOM/KBS-DOOM/KBS-DOOM.srcs/constrs_1/imports/Downloads/Nexys-A7-100T-Master.xdc:40]
WARNING: [Vivado 12-584] No ports matched 'SW[10]'. [C:/Users/lucas/Documents/GitHub/KBS-DOOM/KBS-DOOM/KBS-DOOM.srcs/constrs_1/imports/Downloads/Nexys-A7-100T-Master.xdc:41]
WARNING: [Vivado 12-584] No ports matched 'SW[11]'. [C:/Users/lucas/Documents/GitHub/KBS-DOOM/KBS-DOOM/KBS-DOOM.srcs/constrs_1/imports/Downloads/Nexys-A7-100T-Master.xdc:42]
WARNING: [Vivado 12-584] No ports matched 'SW[12]'. [C:/Users/lucas/Documents/GitHub/KBS-DOOM/KBS-DOOM/KBS-DOOM.srcs/constrs_1/imports/Downloads/Nexys-A7-100T-Master.xdc:43]
WARNING: [Vivado 12-584] No ports matched 'SW[13]'. [C:/Users/lucas/Documents/GitHub/KBS-DOOM/KBS-DOOM/KBS-DOOM.srcs/constrs_1/imports/Downloads/Nexys-A7-100T-Master.xdc:44]
WARNING: [Vivado 12-584] No ports matched 'SW[14]'. [C:/Users/lucas/Documents/GitHub/KBS-DOOM/KBS-DOOM/KBS-DOOM.srcs/constrs_1/imports/Downloads/Nexys-A7-100T-Master.xdc:45]
WARNING: [Vivado 12-584] No ports matched 'SW[15]'. [C:/Users/lucas/Documents/GitHub/KBS-DOOM/KBS-DOOM/KBS-DOOM.srcs/constrs_1/imports/Downloads/Nexys-A7-100T-Master.xdc:46]
WARNING: [Vivado 12-584] No ports matched 'BTNL'. [C:/Users/lucas/Documents/GitHub/KBS-DOOM/KBS-DOOM/KBS-DOOM.srcs/constrs_1/imports/Downloads/Nexys-A7-100T-Master.xdc:145]
WARNING: [Vivado 12-584] No ports matched 'BTNR'. [C:/Users/lucas/Documents/GitHub/KBS-DOOM/KBS-DOOM/KBS-DOOM.srcs/constrs_1/imports/Downloads/Nexys-A7-100T-Master.xdc:146]
Finished Parsing XDC File [C:/Users/lucas/Documents/GitHub/KBS-DOOM/KBS-DOOM/KBS-DOOM.srcs/constrs_1/imports/Downloads/Nexys-A7-100T-Master.xdc]
WARNING: [Project 1-498] One or more constraints failed evaluation while reading constraint file [C:/Users/lucas/Documents/GitHub/KBS-DOOM/KBS-DOOM/KBS-DOOM.srcs/constrs_1/imports/Downloads/Nexys-A7-100T-Master.xdc] and the design contains unresolved black boxes. These constraints will be read post-synthesis (as long as their source constraint file is marked as used_in_implementation) and should be applied correctly then. You should review the constraints listed in the file [.Xil/system_wrapper_propImpl.xdc] and check the run log file to verify that these constraints were correctly applied.
INFO: [Project 1-236] Implementation specific constraints were found while reading constraint file [C:/Users/lucas/Documents/GitHub/KBS-DOOM/KBS-DOOM/KBS-DOOM.srcs/constrs_1/imports/Downloads/Nexys-A7-100T-Master.xdc]. These constraints will be ignored for synthesis but will be used in implementation. Impacted constraints are listed in the file [.Xil/system_wrapper_propImpl.xdc].
Resolution: To avoid this warning, move constraints listed in [.Xil/system_wrapper_propImpl.xdc] to another XDC file and exclude this new file from synthesis with the used_in_synthesis property (File Properties dialog in GUI) and re-run elaboration/synthesis.
Parsing XDC File [C:/Users/lucas/Documents/GitHub/KBS-DOOM/KBS-DOOM/KBS-DOOM.runs/synth_1/dont_touch.xdc]
Finished Parsing XDC File [C:/Users/lucas/Documents/GitHub/KBS-DOOM/KBS-DOOM/KBS-DOOM.runs/synth_1/dont_touch.xdc]
Completed Processing XDC Constraints

Netlist sorting complete. Time (s): cpu = 00:00:00 ; elapsed = 00:00:00 . Memory (MB): peak = 1380.652 ; gain = 0.000
INFO: [Project 1-111] Unisim Transformation Summary:
No Unisim elements were transformed.

Constraint Validation Runtime : Time (s): cpu = 00:00:00 ; elapsed = 00:00:00.012 . Memory (MB): peak = 1380.652 ; gain = 0.000
WARNING: [Timing 38-316] Clock period '20.000' specified during out-of-context synthesis of instance 'system_i/blk_mem_gen_0' at clock pin 'clka' is different from the actual clock period '10.000', this can lead to different synthesis results.
WARNING: [Timing 38-316] Clock period '20.000' specified during out-of-context synthesis of instance 'system_i/blk_mem_gen_1' at clock pin 'clka' is different from the actual clock period '10.000', this can lead to different synthesis results.
WARNING: [Timing 38-316] Clock period '20.000' specified during out-of-context synthesis of instance 'system_i/blk_mem_gen_2' at clock pin 'clka' is different from the actual clock period '10.000', this can lead to different synthesis results.
INFO: [Designutils 20-5440] No compile time benefit to using incremental synthesis; A full resynthesis will be run
INFO: [Designutils 20-4379] Flow is switching to default flow due to incremental criteria not met. If you would like to alter this behaviour and have the flow terminate instead, please set the following parameter config_implementation {autoIncr.Synth.RejectBehavior Terminate}
---------------------------------------------------------------------------------
Finished Constraint Validation : Time (s): cpu = 00:00:18 ; elapsed = 00:00:20 . Memory (MB): peak = 1380.652 ; gain = 613.527
---------------------------------------------------------------------------------
---------------------------------------------------------------------------------
Start Loading Part and Timing Information
---------------------------------------------------------------------------------
Loading part: xc7a100tcsg324-1
---------------------------------------------------------------------------------
Finished Loading Part and Timing Information : Time (s): cpu = 00:00:18 ; elapsed = 00:00:20 . Memory (MB): peak = 1380.652 ; gain = 613.527
---------------------------------------------------------------------------------
---------------------------------------------------------------------------------
Start Applying 'set_property' XDC Constraints
---------------------------------------------------------------------------------
---------------------------------------------------------------------------------
Finished applying 'set_property' XDC Constraints : Time (s): cpu = 00:00:19 ; elapsed = 00:00:20 . Memory (MB): peak = 1380.652 ; gain = 613.527
---------------------------------------------------------------------------------
---------------------------------------------------------------------------------
Finished RTL Optimization Phase 2 : Time (s): cpu = 00:00:19 ; elapsed = 00:00:20 . Memory (MB): peak = 1380.652 ; gain = 613.527
---------------------------------------------------------------------------------
---------------------------------------------------------------------------------
Start RTL Component Statistics 
---------------------------------------------------------------------------------
Detailed RTL Component Info : 
---------------------------------------------------------------------------------
Finished RTL Component Statistics 
---------------------------------------------------------------------------------
---------------------------------------------------------------------------------
Start Part Resource Summary
---------------------------------------------------------------------------------
Part Resources:
DSPs: 240 (col length:80)
BRAMs: 270 (col length: RAMB18 80 RAMB36 40)
---------------------------------------------------------------------------------
Finished Part Resource Summary
---------------------------------------------------------------------------------
---------------------------------------------------------------------------------
Start Cross Boundary and Area Optimization
---------------------------------------------------------------------------------
WARNING: [Synth 8-7080] Parallel synthesis criteria is not met
---------------------------------------------------------------------------------
Finished Cross Boundary and Area Optimization : Time (s): cpu = 00:00:21 ; elapsed = 00:00:23 . Memory (MB): peak = 1386.082 ; gain = 618.957
---------------------------------------------------------------------------------
---------------------------------------------------------------------------------
Start Applying XDC Timing Constraints
---------------------------------------------------------------------------------
---------------------------------------------------------------------------------
Finished Applying XDC Timing Constraints : Time (s): cpu = 00:00:28 ; elapsed = 00:00:30 . Memory (MB): peak = 1553.562 ; gain = 786.438
---------------------------------------------------------------------------------
---------------------------------------------------------------------------------
Start Technology Mapping
---------------------------------------------------------------------------------
---------------------------------------------------------------------------------
Finished Technology Mapping : Time (s): cpu = 00:00:28 ; elapsed = 00:00:30 . Memory (MB): peak = 1564.777 ; gain = 797.652
---------------------------------------------------------------------------------
---------------------------------------------------------------------------------
Start IO Insertion
---------------------------------------------------------------------------------
---------------------------------------------------------------------------------
Start Final Netlist Cleanup
---------------------------------------------------------------------------------
---------------------------------------------------------------------------------
Finished Final Netlist Cleanup
---------------------------------------------------------------------------------
---------------------------------------------------------------------------------
Finished IO Insertion : Time (s): cpu = 00:00:32 ; elapsed = 00:00:34 . Memory (MB): peak = 1799.527 ; gain = 1032.402
---------------------------------------------------------------------------------
---------------------------------------------------------------------------------
Start Renaming Generated Instances
---------------------------------------------------------------------------------
---------------------------------------------------------------------------------
Finished Renaming Generated Instances : Time (s): cpu = 00:00:32 ; elapsed = 00:00:34 . Memory (MB): peak = 1799.527 ; gain = 1032.402
---------------------------------------------------------------------------------
---------------------------------------------------------------------------------
Start Handling Custom Attributes
---------------------------------------------------------------------------------
---------------------------------------------------------------------------------
Finished Handling Custom Attributes : Time (s): cpu = 00:00:32 ; elapsed = 00:00:34 . Memory (MB): peak = 1799.527 ; gain = 1032.402
---------------------------------------------------------------------------------
---------------------------------------------------------------------------------
Start Writing Synthesis Report
---------------------------------------------------------------------------------

Report BlackBoxes: 
+------+-----------------------------+----------+
|      |BlackBox name                |Instances |
+------+-----------------------------+----------+
|1     |system_PS2Receiver_0_0       |         1|
|2     |system_axi_bram_ctrl_0_0     |         1|
|3     |system_axi_bram_ctrl_1_0     |         1|
|4     |system_axi_bram_ctrl_2_0     |         1|
|5     |system_axis_data_fifo_0_0    |         1|
|6     |system_blk_mem_gen_0_0       |         1|
|7     |system_blk_mem_gen_1_0       |         1|
|8     |system_blk_mem_gen_2_0       |         1|
|9     |system_clk_wiz_0_0           |         1|
|10    |system_mig_7series_0_0       |         1|
|11    |system_neorv32_vivado_ip_0_0 |         1|
|12    |system_proc_sys_reset_0_0    |         1|
|13    |system_ps2_sync_0_0          |         1|
|14    |system_smartconnect_0_1      |         1|
|15    |system_util_ds_buf_0_0       |         1|
|16    |system_util_vector_logic_0_0 |         1|
|17    |system_vga_display_0_0       |         1|
+------+-----------------------------+----------+

Report Cell Usage: 
+------+----------------------------------+------+
|      |Cell                              |Count |
+------+----------------------------------+------+
|1     |system_PS2Receiver_0_0_bbox       |     1|
|2     |system_axi_bram_ctrl_0_0_bbox     |     1|
|3     |system_axi_bram_ctrl_1_0_bbox     |     1|
|4     |system_axi_bram_ctrl_2_0_bbox     |     1|
|5     |system_axis_data_fifo_0_0_bbox    |     1|
|6     |system_blk_mem_gen_0_0_bbox       |     1|
|7     |system_blk_mem_gen_1_0_bbox       |     1|
|8     |system_blk_mem_gen_2_0_bbox       |     1|
|9     |system_clk_wiz_0_0_bbox           |     1|
|10    |system_mig_7series_0_0_bbox       |     1|
|11    |system_neorv32_vivado_ip_0_0_bbox |     1|
|12    |system_proc_sys_reset_0_0_bbox    |     1|
|13    |system_ps2_sync_0_0_bbox          |     1|
|14    |system_smartconnect_0_1_bbox      |     1|
|15    |system_util_ds_buf_0_0_bbox       |     1|
|16    |system_util_vector_logic_0_0_bbox |     1|
|17    |system_vga_display_0_0_bbox       |     1|
|18    |IBUF                              |     6|
|19    |OBUF                              |    41|
+------+----------------------------------+------+
---------------------------------------------------------------------------------
Finished Writing Synthesis Report : Time (s): cpu = 00:00:32 ; elapsed = 00:00:34 . Memory (MB): peak = 1799.527 ; gain = 1032.402
---------------------------------------------------------------------------------
Synthesis finished with 0 errors, 0 critical warnings and 1 warnings.
Synthesis Optimization Runtime : Time (s): cpu = 00:00:21 ; elapsed = 00:00:32 . Memory (MB): peak = 1799.527 ; gain = 1032.402
Synthesis Optimization Complete : Time (s): cpu = 00:00:32 ; elapsed = 00:00:34 . Memory (MB): peak = 1799.527 ; gain = 1032.402
INFO: [Project 1-571] Translating synthesized netlist
Netlist sorting complete. Time (s): cpu = 00:00:00 ; elapsed = 00:00:00.014 . Memory (MB): peak = 1801.934 ; gain = 0.000
INFO: [Project 1-570] Preparing netlist for logic optimization
INFO: [Opt 31-138] Pushed 0 inverter(s) to 0 load pin(s).
Netlist sorting complete. Time (s): cpu = 00:00:00 ; elapsed = 00:00:00 . Memory (MB): peak = 1805.055 ; gain = 0.000
INFO: [Project 1-111] Unisim Transformation Summary:
No Unisim elements were transformed.

Synth Design complete | Checksum: d7ace309
INFO: [Common 17-83] Releasing license: Synthesis
67 Infos, 28 Warnings, 3 Critical Warnings and 0 Errors encountered.
synth_design completed successfully
synth_design: Time (s): cpu = 00:00:36 ; elapsed = 00:00:45 . Memory (MB): peak = 1805.055 ; gain = 1240.199
Write ShapeDB Complete: Time (s): cpu = 00:00:00 ; elapsed = 00:00:00.001 . Memory (MB): peak = 1805.055 ; gain = 0.000
INFO: [Common 17-1381] The checkpoint 'C:/Users/lucas/Documents/GitHub/KBS-DOOM/KBS-DOOM/KBS-DOOM.runs/synth_1/system_wrapper.dcp' has been generated.
INFO: [Vivado 12-24828] Executing command : report_utilization -file system_wrapper_utilization_synth.rpt -pb system_wrapper_utilization_synth.pb
INFO: [Common 17-206] Exiting Vivado at Thu Dec 11 09:44:49 2025...
